16-Oct-2023 17:50:30.431 INFO [main] org.apache.catalina.startup.VersionLoggerListener.log Server version name:   Apache Tomcat/10.1.13
16-Oct-2023 17:50:30.437 INFO [main] org.apache.catalina.startup.VersionLoggerListener.log Server built:          Aug 23 2023 21:34:59 UTC
16-Oct-2023 17:50:30.437 INFO [main] org.apache.catalina.startup.VersionLoggerListener.log Server version number: 10.1.13.0
16-Oct-2023 17:50:30.437 INFO [main] org.apache.catalina.startup.VersionLoggerListener.log OS Name:               Windows 11
16-Oct-2023 17:50:30.437 INFO [main] org.apache.catalina.startup.VersionLoggerListener.log OS Version:            10.0
16-Oct-2023 17:50:30.437 INFO [main] org.apache.catalina.startup.VersionLoggerListener.log Architecture:          amd64
16-Oct-2023 17:50:30.438 INFO [main] org.apache.catalina.startup.VersionLoggerListener.log Java Home:             C:\Users\Admin\.jdks\openjdk-20.0.2
16-Oct-2023 17:50:30.438 INFO [main] org.apache.catalina.startup.VersionLoggerListener.log JVM Version:           20.0.2+9-78
16-Oct-2023 17:50:30.438 INFO [main] org.apache.catalina.startup.VersionLoggerListener.log JVM Vendor:            Oracle Corporation
16-Oct-2023 17:50:30.438 INFO [main] org.apache.catalina.startup.VersionLoggerListener.log CATALINA_BASE:         C:\Users\Admin\IdeaProjects\JSP-Servlet-Currency-Converter
16-Oct-2023 17:50:30.438 INFO [main] org.apache.catalina.startup.VersionLoggerListener.log CATALINA_HOME:         C:\Program Files\Apache Software Foundation\Tomcat 10.1
16-Oct-2023 17:50:30.451 INFO [main] org.apache.catalina.startup.VersionLoggerListener.log Command line argument: --add-opens=java.base/java.lang=ALL-UNNAMED
16-Oct-2023 17:50:30.451 INFO [main] org.apache.catalina.startup.VersionLoggerListener.log Command line argument: --add-opens=java.base/java.io=ALL-UNNAMED
16-Oct-2023 17:50:30.452 INFO [main] org.apache.catalina.startup.VersionLoggerListener.log Command line argument: --add-opens=java.base/java.util=ALL-UNNAMED
16-Oct-2023 17:50:30.452 INFO [main] org.apache.catalina.startup.VersionLoggerListener.log Command line argument: --add-opens=java.base/java.util.concurrent=ALL-UNNAMED
16-Oct-2023 17:50:30.452 INFO [main] org.apache.catalina.startup.VersionLoggerListener.log Command line argument: --add-opens=java.rmi/sun.rmi.transport=ALL-UNNAMED
16-Oct-2023 17:50:30.452 INFO [main] org.apache.catalina.startup.VersionLoggerListener.log Command line argument: -Dcatalina.home=C:\Program Files\Apache Software Foundation\Tomcat 10.1
16-Oct-2023 17:50:30.452 INFO [main] org.apache.catalina.startup.VersionLoggerListener.log Command line argument: -Dcatalina.base=C:\Users\Admin\IdeaProjects\JSP-Servlet-Currency-Converter
16-Oct-2023 17:50:30.452 INFO [main] org.apache.catalina.startup.VersionLoggerListener.log Command line argument: -Djava.io.tmpdir=C:\Users\Admin\IdeaProjects\JSP-Servlet-Currency-Converter\temp
16-Oct-2023 17:50:30.452 INFO [main] org.apache.catalina.startup.VersionLoggerListener.log Command line argument: -Djava.util.logging.config.file=C:\Users\Admin\IdeaProjects\JSP-Servlet-Currency-Converter\conf\logging.properties
16-Oct-2023 17:50:30.453 INFO [main] org.apache.catalina.startup.VersionLoggerListener.log Command line argument: -Djava.util.logging.manager=org.apache.juli.ClassLoaderLogManager
16-Oct-2023 17:50:30.453 INFO [main] org.apache.catalina.startup.VersionLoggerListener.log Command line argument: -javaagent:C:\Program Files\JetBrains\IntelliJ IDEA Community Edition 2023.1.2\lib\idea_rt.jar=58612:C:\Program Files\JetBrains\IntelliJ IDEA Community Edition 2023.1.2\bin
16-Oct-2023 17:50:30.453 INFO [main] org.apache.catalina.startup.VersionLoggerListener.log Command line argument: -Dfile.encoding=UTF-8
16-Oct-2023 17:50:30.453 INFO [main] org.apache.catalina.startup.VersionLoggerListener.log Command line argument: -Dsun.stdout.encoding=UTF-8
16-Oct-2023 17:50:30.453 INFO [main] org.apache.catalina.startup.VersionLoggerListener.log Command line argument: -Dsun.stderr.encoding=UTF-8
16-Oct-2023 17:50:30.462 INFO [main] org.apache.catalina.core.AprLifecycleListener.lifecycleEvent The Apache Tomcat Native library which allows using OpenSSL was not found on the java.library.path: [C:\Users\Admin\.jdks\openjdk-20.0.2\bin;C:\WINDOWS\Sun\Java\bin;C:\WINDOWS\system32;C:\WINDOWS;C:\WINDOWS\system32;C:\WINDOWS;C:\WINDOWS\System32\Wbem;C:\WINDOWS\System32\WindowsPowerShell\v1.0\;C:\WINDOWS\System32\OpenSSH\;C:\Program Files\nodejs\;C:\Maven\bin\;C:\Program Files\Git\cmd;C:\Program Files\Java\jdk-20\bin;C:\Program Files\MySQL\MySQL Shell 8.0\bin\;C:\Users\Admin\AppData\Local\Microsoft\WindowsApps;C:\Users\Admin\AppData\Local\Programs\Microsoft VS Code\bin;C:\Users\Admin\AppData\Roaming\npm;C:\Program Files\Java\jdk-20\bin;;.]
16-Oct-2023 17:50:30.930 INFO [main] org.apache.coyote.AbstractProtocol.init Initializing ProtocolHandler ["http-nio-8080"]
16-Oct-2023 17:50:30.955 INFO [main] org.apache.catalina.startup.Catalina.load Server initialization in [782] milliseconds
16-Oct-2023 17:50:31.020 INFO [main] org.apache.catalina.core.StandardService.startInternal Starting service [Catalina]
16-Oct-2023 17:50:31.020 INFO [main] org.apache.catalina.core.StandardEngine.startInternal Starting Servlet engine: [Apache Tomcat/10.1.13]
16-Oct-2023 17:50:31.044 INFO [main] org.apache.catalina.startup.HostConfig.deployDescriptor Deploying deployment descriptor [C:\Users\Admin\IdeaProjects\JSP-Servlet-Currency-Converter\conf\Catalina\localhost\JSP-Servlet-Currency-Converter.xml]
16-Oct-2023 17:50:32.611 INFO [main] org.apache.jasper.servlet.TldScanner.scanJars At least one JAR was scanned for TLDs yet contained no TLDs. Enable debug logging for this logger for a complete list of JARs that were scanned but no TLDs were found in them. Skipping unneeded JARs during scanning can improve startup time and JSP compilation time.
16-Oct-2023 17:50:32.734 INFO [main] org.apache.catalina.startup.HostConfig.deployDescriptor Deployment of deployment descriptor [C:\Users\Admin\IdeaProjects\JSP-Servlet-Currency-Converter\conf\Catalina\localhost\JSP-Servlet-Currency-Converter.xml] has finished in [1,691] ms
16-Oct-2023 17:50:32.738 INFO [main] org.apache.coyote.AbstractProtocol.start Starting ProtocolHandler ["http-nio-8080"]
16-Oct-2023 17:50:32.795 INFO [main] org.apache.catalina.startup.Catalina.start Server startup in [1838] milliseconds
16-Oct-2023 17:50:32.800 SEVERE [main] org.apache.catalina.core.StandardServer.await Failed to create server shutdown socket on address [localhost] and port [8005] (base port [8005] and offset [0])
	java.net.BindException: Address already in use: bind
		at java.base/sun.nio.ch.Net.bind0(Native Method)
		at java.base/sun.nio.ch.Net.bind(Net.java:556)
		at java.base/sun.nio.ch.Net.bind(Net.java:545)
		at java.base/sun.nio.ch.NioSocketImpl.bind(NioSocketImpl.java:634)
		at java.base/java.net.ServerSocket.bind(ServerSocket.java:393)
		at java.base/java.net.ServerSocket.<init>(ServerSocket.java:275)
		at org.apache.catalina.core.StandardServer.await(StandardServer.java:578)
		at org.apache.catalina.startup.Catalina.await(Catalina.java:887)
		at org.apache.catalina.startup.Catalina.start(Catalina.java:833)
		at java.base/jdk.internal.reflect.DirectMethodHandleAccessor.invoke(DirectMethodHandleAccessor.java:104)
		at java.base/java.lang.reflect.Method.invoke(Method.java:578)
		at org.apache.catalina.startup.Bootstrap.start(Bootstrap.java:347)
		at org.apache.catalina.startup.Bootstrap.main(Bootstrap.java:478)
16-Oct-2023 17:50:32.801 INFO [main] org.apache.coyote.AbstractProtocol.pause Pausing ProtocolHandler ["http-nio-8080"]
16-Oct-2023 17:50:32.813 INFO [main] org.apache.catalina.core.StandardService.stopInternal Stopping service [Catalina]
16-Oct-2023 17:50:32.830 INFO [main] org.apache.coyote.AbstractProtocol.stop Stopping ProtocolHandler ["http-nio-8080"]
16-Oct-2023 17:50:32.851 INFO [main] org.apache.coyote.AbstractProtocol.destroy Destroying ProtocolHandler ["http-nio-8080"]
16-Oct-2023 17:54:57.627 INFO [main] org.apache.catalina.startup.VersionLoggerListener.log Server version name:   Apache Tomcat/10.1.13
16-Oct-2023 17:54:57.632 INFO [main] org.apache.catalina.startup.VersionLoggerListener.log Server built:          Aug 23 2023 21:34:59 UTC
16-Oct-2023 17:54:57.633 INFO [main] org.apache.catalina.startup.VersionLoggerListener.log Server version number: 10.1.13.0
16-Oct-2023 17:54:57.633 INFO [main] org.apache.catalina.startup.VersionLoggerListener.log OS Name:               Windows 11
16-Oct-2023 17:54:57.633 INFO [main] org.apache.catalina.startup.VersionLoggerListener.log OS Version:            10.0
16-Oct-2023 17:54:57.633 INFO [main] org.apache.catalina.startup.VersionLoggerListener.log Architecture:          amd64
16-Oct-2023 17:54:57.634 INFO [main] org.apache.catalina.startup.VersionLoggerListener.log Java Home:             C:\Users\Admin\.jdks\openjdk-20.0.2
16-Oct-2023 17:54:57.634 INFO [main] org.apache.catalina.startup.VersionLoggerListener.log JVM Version:           20.0.2+9-78
16-Oct-2023 17:54:57.634 INFO [main] org.apache.catalina.startup.VersionLoggerListener.log JVM Vendor:            Oracle Corporation
16-Oct-2023 17:54:57.634 INFO [main] org.apache.catalina.startup.VersionLoggerListener.log CATALINA_BASE:         C:\Users\Admin\IdeaProjects\JSP-Servlet-Currency-Converter
16-Oct-2023 17:54:57.634 INFO [main] org.apache.catalina.startup.VersionLoggerListener.log CATALINA_HOME:         C:\Program Files\Apache Software Foundation\Tomcat 10.1
16-Oct-2023 17:54:57.645 INFO [main] org.apache.catalina.startup.VersionLoggerListener.log Command line argument: --add-opens=java.base/java.lang=ALL-UNNAMED
16-Oct-2023 17:54:57.645 INFO [main] org.apache.catalina.startup.VersionLoggerListener.log Command line argument: --add-opens=java.base/java.io=ALL-UNNAMED
16-Oct-2023 17:54:57.646 INFO [main] org.apache.catalina.startup.VersionLoggerListener.log Command line argument: --add-opens=java.base/java.util=ALL-UNNAMED
16-Oct-2023 17:54:57.646 INFO [main] org.apache.catalina.startup.VersionLoggerListener.log Command line argument: --add-opens=java.base/java.util.concurrent=ALL-UNNAMED
16-Oct-2023 17:54:57.646 INFO [main] org.apache.catalina.startup.VersionLoggerListener.log Command line argument: --add-opens=java.rmi/sun.rmi.transport=ALL-UNNAMED
16-Oct-2023 17:54:57.646 INFO [main] org.apache.catalina.startup.VersionLoggerListener.log Command line argument: -Dcatalina.home=C:\Program Files\Apache Software Foundation\Tomcat 10.1
16-Oct-2023 17:54:57.646 INFO [main] org.apache.catalina.startup.VersionLoggerListener.log Command line argument: -Dcatalina.base=C:\Users\Admin\IdeaProjects\JSP-Servlet-Currency-Converter
16-Oct-2023 17:54:57.646 INFO [main] org.apache.catalina.startup.VersionLoggerListener.log Command line argument: -Djava.io.tmpdir=C:\Users\Admin\IdeaProjects\JSP-Servlet-Currency-Converter\temp
16-Oct-2023 17:54:57.646 INFO [main] org.apache.catalina.startup.VersionLoggerListener.log Command line argument: -Djava.util.logging.config.file=C:\Users\Admin\IdeaProjects\JSP-Servlet-Currency-Converter\conf\logging.properties
16-Oct-2023 17:54:57.647 INFO [main] org.apache.catalina.startup.VersionLoggerListener.log Command line argument: -Djava.util.logging.manager=org.apache.juli.ClassLoaderLogManager
16-Oct-2023 17:54:57.647 INFO [main] org.apache.catalina.startup.VersionLoggerListener.log Command line argument: -javaagent:C:\Program Files\JetBrains\IntelliJ IDEA Community Edition 2023.1.2\lib\idea_rt.jar=58729:C:\Program Files\JetBrains\IntelliJ IDEA Community Edition 2023.1.2\bin
16-Oct-2023 17:54:57.647 INFO [main] org.apache.catalina.startup.VersionLoggerListener.log Command line argument: -Dfile.encoding=UTF-8
16-Oct-2023 17:54:57.647 INFO [main] org.apache.catalina.startup.VersionLoggerListener.log Command line argument: -Dsun.stdout.encoding=UTF-8
16-Oct-2023 17:54:57.647 INFO [main] org.apache.catalina.startup.VersionLoggerListener.log Command line argument: -Dsun.stderr.encoding=UTF-8
16-Oct-2023 17:54:57.654 INFO [main] org.apache.catalina.core.AprLifecycleListener.lifecycleEvent The Apache Tomcat Native library which allows using OpenSSL was not found on the java.library.path: [C:\Users\Admin\.jdks\openjdk-20.0.2\bin;C:\WINDOWS\Sun\Java\bin;C:\WINDOWS\system32;C:\WINDOWS;C:\WINDOWS\system32;C:\WINDOWS;C:\WINDOWS\System32\Wbem;C:\WINDOWS\System32\WindowsPowerShell\v1.0\;C:\WINDOWS\System32\OpenSSH\;C:\Program Files\nodejs\;C:\Maven\bin\;C:\Program Files\Git\cmd;C:\Program Files\Java\jdk-20\bin;C:\Program Files\MySQL\MySQL Shell 8.0\bin\;C:\Users\Admin\AppData\Local\Microsoft\WindowsApps;C:\Users\Admin\AppData\Local\Programs\Microsoft VS Code\bin;C:\Users\Admin\AppData\Roaming\npm;C:\Program Files\Java\jdk-20\bin;;.]
16-Oct-2023 17:54:58.133 INFO [main] org.apache.coyote.AbstractProtocol.init Initializing ProtocolHandler ["http-nio-8080"]
16-Oct-2023 17:54:58.161 INFO [main] org.apache.catalina.startup.Catalina.load Server initialization in [807] milliseconds
16-Oct-2023 17:54:58.227 INFO [main] org.apache.catalina.core.StandardService.startInternal Starting service [Catalina]
16-Oct-2023 17:54:58.227 INFO [main] org.apache.catalina.core.StandardEngine.startInternal Starting Servlet engine: [Apache Tomcat/10.1.13]
16-Oct-2023 17:54:58.242 INFO [main] org.apache.catalina.startup.HostConfig.deployDescriptor Deploying deployment descriptor [C:\Users\Admin\IdeaProjects\JSP-Servlet-Currency-Converter\conf\Catalina\localhost\JSP-Servlet-Currency-Converter.xml]
16-Oct-2023 17:54:59.737 INFO [main] org.apache.jasper.servlet.TldScanner.scanJars At least one JAR was scanned for TLDs yet contained no TLDs. Enable debug logging for this logger for a complete list of JARs that were scanned but no TLDs were found in them. Skipping unneeded JARs during scanning can improve startup time and JSP compilation time.
16-Oct-2023 17:54:59.866 INFO [main] org.apache.catalina.startup.HostConfig.deployDescriptor Deployment of deployment descriptor [C:\Users\Admin\IdeaProjects\JSP-Servlet-Currency-Converter\conf\Catalina\localhost\JSP-Servlet-Currency-Converter.xml] has finished in [1,624] ms
16-Oct-2023 17:54:59.871 INFO [main] org.apache.coyote.AbstractProtocol.start Starting ProtocolHandler ["http-nio-8080"]
16-Oct-2023 17:54:59.936 INFO [main] org.apache.catalina.startup.Catalina.start Server startup in [1773] milliseconds
16-Oct-2023 17:54:59.941 SEVERE [main] org.apache.catalina.core.StandardServer.await Failed to create server shutdown socket on address [localhost] and port [8005] (base port [8005] and offset [0])
	java.net.BindException: Address already in use: bind
		at java.base/sun.nio.ch.Net.bind0(Native Method)
		at java.base/sun.nio.ch.Net.bind(Net.java:556)
		at java.base/sun.nio.ch.Net.bind(Net.java:545)
		at java.base/sun.nio.ch.NioSocketImpl.bind(NioSocketImpl.java:634)
		at java.base/java.net.ServerSocket.bind(ServerSocket.java:393)
		at java.base/java.net.ServerSocket.<init>(ServerSocket.java:275)
		at org.apache.catalina.core.StandardServer.await(StandardServer.java:578)
		at org.apache.catalina.startup.Catalina.await(Catalina.java:887)
		at org.apache.catalina.startup.Catalina.start(Catalina.java:833)
		at java.base/jdk.internal.reflect.DirectMethodHandleAccessor.invoke(DirectMethodHandleAccessor.java:104)
		at java.base/java.lang.reflect.Method.invoke(Method.java:578)
		at org.apache.catalina.startup.Bootstrap.start(Bootstrap.java:347)
		at org.apache.catalina.startup.Bootstrap.main(Bootstrap.java:478)
16-Oct-2023 17:54:59.942 INFO [main] org.apache.coyote.AbstractProtocol.pause Pausing ProtocolHandler ["http-nio-8080"]
16-Oct-2023 17:54:59.958 INFO [main] org.apache.catalina.core.StandardService.stopInternal Stopping service [Catalina]
16-Oct-2023 17:54:59.971 INFO [main] org.apache.coyote.AbstractProtocol.stop Stopping ProtocolHandler ["http-nio-8080"]
16-Oct-2023 17:54:59.984 INFO [main] org.apache.coyote.AbstractProtocol.destroy Destroying ProtocolHandler ["http-nio-8080"]
16-Oct-2023 17:55:18.830 INFO [main] org.apache.catalina.startup.VersionLoggerListener.log Server version name:   Apache Tomcat/10.1.13
16-Oct-2023 17:55:18.836 INFO [main] org.apache.catalina.startup.VersionLoggerListener.log Server built:          Aug 23 2023 21:34:59 UTC
16-Oct-2023 17:55:18.837 INFO [main] org.apache.catalina.startup.VersionLoggerListener.log Server version number: 10.1.13.0
16-Oct-2023 17:55:18.837 INFO [main] org.apache.catalina.startup.VersionLoggerListener.log OS Name:               Windows 11
16-Oct-2023 17:55:18.837 INFO [main] org.apache.catalina.startup.VersionLoggerListener.log OS Version:            10.0
16-Oct-2023 17:55:18.837 INFO [main] org.apache.catalina.startup.VersionLoggerListener.log Architecture:          amd64
16-Oct-2023 17:55:18.837 INFO [main] org.apache.catalina.startup.VersionLoggerListener.log Java Home:             C:\Users\Admin\.jdks\openjdk-20.0.2
16-Oct-2023 17:55:18.838 INFO [main] org.apache.catalina.startup.VersionLoggerListener.log JVM Version:           20.0.2+9-78
16-Oct-2023 17:55:18.838 INFO [main] org.apache.catalina.startup.VersionLoggerListener.log JVM Vendor:            Oracle Corporation
16-Oct-2023 17:55:18.838 INFO [main] org.apache.catalina.startup.VersionLoggerListener.log CATALINA_BASE:         C:\Users\Admin\IdeaProjects\JSP-Servlet-Currency-Converter
16-Oct-2023 17:55:18.839 INFO [main] org.apache.catalina.startup.VersionLoggerListener.log CATALINA_HOME:         C:\Program Files\Apache Software Foundation\Tomcat 10.1
16-Oct-2023 17:55:18.853 INFO [main] org.apache.catalina.startup.VersionLoggerListener.log Command line argument: --add-opens=java.base/java.lang=ALL-UNNAMED
16-Oct-2023 17:55:18.853 INFO [main] org.apache.catalina.startup.VersionLoggerListener.log Command line argument: --add-opens=java.base/java.io=ALL-UNNAMED
16-Oct-2023 17:55:18.853 INFO [main] org.apache.catalina.startup.VersionLoggerListener.log Command line argument: --add-opens=java.base/java.util=ALL-UNNAMED
16-Oct-2023 17:55:18.853 INFO [main] org.apache.catalina.startup.VersionLoggerListener.log Command line argument: --add-opens=java.base/java.util.concurrent=ALL-UNNAMED
16-Oct-2023 17:55:18.854 INFO [main] org.apache.catalina.startup.VersionLoggerListener.log Command line argument: --add-opens=java.rmi/sun.rmi.transport=ALL-UNNAMED
16-Oct-2023 17:55:18.854 INFO [main] org.apache.catalina.startup.VersionLoggerListener.log Command line argument: -Dcatalina.home=C:\Program Files\Apache Software Foundation\Tomcat 10.1
16-Oct-2023 17:55:18.854 INFO [main] org.apache.catalina.startup.VersionLoggerListener.log Command line argument: -Dcatalina.base=C:\Users\Admin\IdeaProjects\JSP-Servlet-Currency-Converter
16-Oct-2023 17:55:18.854 INFO [main] org.apache.catalina.startup.VersionLoggerListener.log Command line argument: -Djava.io.tmpdir=C:\Users\Admin\IdeaProjects\JSP-Servlet-Currency-Converter\temp
16-Oct-2023 17:55:18.854 INFO [main] org.apache.catalina.startup.VersionLoggerListener.log Command line argument: -Djava.util.logging.config.file=C:\Users\Admin\IdeaProjects\JSP-Servlet-Currency-Converter\conf\logging.properties
16-Oct-2023 17:55:18.854 INFO [main] org.apache.catalina.startup.VersionLoggerListener.log Command line argument: -Djava.util.logging.manager=org.apache.juli.ClassLoaderLogManager
16-Oct-2023 17:55:18.854 INFO [main] org.apache.catalina.startup.VersionLoggerListener.log Command line argument: -javaagent:C:\Program Files\JetBrains\IntelliJ IDEA Community Edition 2023.1.2\lib\idea_rt.jar=58735:C:\Program Files\JetBrains\IntelliJ IDEA Community Edition 2023.1.2\bin
16-Oct-2023 17:55:18.855 INFO [main] org.apache.catalina.startup.VersionLoggerListener.log Command line argument: -Dfile.encoding=UTF-8
16-Oct-2023 17:55:18.855 INFO [main] org.apache.catalina.startup.VersionLoggerListener.log Command line argument: -Dsun.stdout.encoding=UTF-8
16-Oct-2023 17:55:18.855 INFO [main] org.apache.catalina.startup.VersionLoggerListener.log Command line argument: -Dsun.stderr.encoding=UTF-8
16-Oct-2023 17:55:18.863 INFO [main] org.apache.catalina.core.AprLifecycleListener.lifecycleEvent The Apache Tomcat Native library which allows using OpenSSL was not found on the java.library.path: [C:\Users\Admin\.jdks\openjdk-20.0.2\bin;C:\WINDOWS\Sun\Java\bin;C:\WINDOWS\system32;C:\WINDOWS;C:\WINDOWS\system32;C:\WINDOWS;C:\WINDOWS\System32\Wbem;C:\WINDOWS\System32\WindowsPowerShell\v1.0\;C:\WINDOWS\System32\OpenSSH\;C:\Program Files\nodejs\;C:\Maven\bin\;C:\Program Files\Git\cmd;C:\Program Files\Java\jdk-20\bin;C:\Program Files\MySQL\MySQL Shell 8.0\bin\;C:\Users\Admin\AppData\Local\Microsoft\WindowsApps;C:\Users\Admin\AppData\Local\Programs\Microsoft VS Code\bin;C:\Users\Admin\AppData\Roaming\npm;C:\Program Files\Java\jdk-20\bin;;.]
16-Oct-2023 17:55:19.317 INFO [main] org.apache.coyote.AbstractProtocol.init Initializing ProtocolHandler ["http-nio-8080"]
16-Oct-2023 17:55:19.346 INFO [main] org.apache.catalina.startup.Catalina.load Server initialization in [820] milliseconds
16-Oct-2023 17:55:19.416 INFO [main] org.apache.catalina.core.StandardService.startInternal Starting service [Catalina]
16-Oct-2023 17:55:19.416 INFO [main] org.apache.catalina.core.StandardEngine.startInternal Starting Servlet engine: [Apache Tomcat/10.1.13]
16-Oct-2023 17:55:19.435 INFO [main] org.apache.catalina.startup.HostConfig.deployDescriptor Deploying deployment descriptor [C:\Users\Admin\IdeaProjects\JSP-Servlet-Currency-Converter\conf\Catalina\localhost\JSP-Servlet-Currency-Converter.xml]
16-Oct-2023 17:55:20.939 INFO [main] org.apache.jasper.servlet.TldScanner.scanJars At least one JAR was scanned for TLDs yet contained no TLDs. Enable debug logging for this logger for a complete list of JARs that were scanned but no TLDs were found in them. Skipping unneeded JARs during scanning can improve startup time and JSP compilation time.
16-Oct-2023 17:55:21.059 INFO [main] org.apache.catalina.startup.HostConfig.deployDescriptor Deployment of deployment descriptor [C:\Users\Admin\IdeaProjects\JSP-Servlet-Currency-Converter\conf\Catalina\localhost\JSP-Servlet-Currency-Converter.xml] has finished in [1,625] ms
16-Oct-2023 17:55:21.064 INFO [main] org.apache.coyote.AbstractProtocol.start Starting ProtocolHandler ["http-nio-8080"]
16-Oct-2023 17:55:21.121 INFO [main] org.apache.catalina.startup.Catalina.start Server startup in [1773] milliseconds
