22-Oct-2023 16:56:59.945 INFO [Thread-1] org.apache.coyote.AbstractProtocol.pause Pausing ProtocolHandler ["http-nio-8080"]
22-Oct-2023 16:56:59.976 INFO [Thread-1] org.apache.catalina.core.StandardService.stopInternal Stopping service [Catalina]
22-Oct-2023 16:56:59.992 INFO [Thread-1] org.apache.coyote.AbstractProtocol.stop Stopping ProtocolHandler ["http-nio-8080"]
22-Oct-2023 16:57:00.008 INFO [Thread-1] org.apache.coyote.AbstractProtocol.destroy Destroying ProtocolHandler ["http-nio-8080"]
22-Oct-2023 16:57:03.126 INFO [main] org.apache.catalina.startup.VersionLoggerListener.log Server version name:   Apache Tomcat/10.1.13
22-Oct-2023 16:57:03.139 INFO [main] org.apache.catalina.startup.VersionLoggerListener.log Server built:          Aug 23 2023 21:34:59 UTC
22-Oct-2023 16:57:03.140 INFO [main] org.apache.catalina.startup.VersionLoggerListener.log Server version number: 10.1.13.0
22-Oct-2023 16:57:03.140 INFO [main] org.apache.catalina.startup.VersionLoggerListener.log OS Name:               Windows 11
22-Oct-2023 16:57:03.141 INFO [main] org.apache.catalina.startup.VersionLoggerListener.log OS Version:            10.0
22-Oct-2023 16:57:03.141 INFO [main] org.apache.catalina.startup.VersionLoggerListener.log Architecture:          amd64
22-Oct-2023 16:57:03.141 INFO [main] org.apache.catalina.startup.VersionLoggerListener.log Java Home:             C:\Users\Admin\.jdks\openjdk-20.0.2
22-Oct-2023 16:57:03.141 INFO [main] org.apache.catalina.startup.VersionLoggerListener.log JVM Version:           20.0.2+9-78
22-Oct-2023 16:57:03.142 INFO [main] org.apache.catalina.startup.VersionLoggerListener.log JVM Vendor:            Oracle Corporation
22-Oct-2023 16:57:03.142 INFO [main] org.apache.catalina.startup.VersionLoggerListener.log CATALINA_BASE:         C:\Users\Admin\IdeaProjects\JSP-Servlet-Currency-Converter
22-Oct-2023 16:57:03.142 INFO [main] org.apache.catalina.startup.VersionLoggerListener.log CATALINA_HOME:         C:\Program Files\Apache Software Foundation\Tomcat 10.1
22-Oct-2023 16:57:03.163 INFO [main] org.apache.catalina.startup.VersionLoggerListener.log Command line argument: --add-opens=java.base/java.lang=ALL-UNNAMED
22-Oct-2023 16:57:03.163 INFO [main] org.apache.catalina.startup.VersionLoggerListener.log Command line argument: --add-opens=java.base/java.io=ALL-UNNAMED
22-Oct-2023 16:57:03.163 INFO [main] org.apache.catalina.startup.VersionLoggerListener.log Command line argument: --add-opens=java.base/java.util=ALL-UNNAMED
22-Oct-2023 16:57:03.164 INFO [main] org.apache.catalina.startup.VersionLoggerListener.log Command line argument: --add-opens=java.base/java.util.concurrent=ALL-UNNAMED
22-Oct-2023 16:57:03.164 INFO [main] org.apache.catalina.startup.VersionLoggerListener.log Command line argument: --add-opens=java.rmi/sun.rmi.transport=ALL-UNNAMED
22-Oct-2023 16:57:03.165 INFO [main] org.apache.catalina.startup.VersionLoggerListener.log Command line argument: -Dcatalina.home=C:\Program Files\Apache Software Foundation\Tomcat 10.1
22-Oct-2023 16:57:03.166 INFO [main] org.apache.catalina.startup.VersionLoggerListener.log Command line argument: -Dcatalina.base=C:\Users\Admin\IdeaProjects\JSP-Servlet-Currency-Converter
22-Oct-2023 16:57:03.166 INFO [main] org.apache.catalina.startup.VersionLoggerListener.log Command line argument: -Djava.io.tmpdir=C:\Users\Admin\IdeaProjects\JSP-Servlet-Currency-Converter\temp
22-Oct-2023 16:57:03.166 INFO [main] org.apache.catalina.startup.VersionLoggerListener.log Command line argument: -Djava.util.logging.config.file=C:\Users\Admin\IdeaProjects\JSP-Servlet-Currency-Converter\conf\logging.properties
22-Oct-2023 16:57:03.166 INFO [main] org.apache.catalina.startup.VersionLoggerListener.log Command line argument: -Djava.util.logging.manager=org.apache.juli.ClassLoaderLogManager
22-Oct-2023 16:57:03.166 INFO [main] org.apache.catalina.startup.VersionLoggerListener.log Command line argument: -javaagent:C:\Program Files\JetBrains\IntelliJ IDEA Community Edition 2023.1.2\lib\idea_rt.jar=59690:C:\Program Files\JetBrains\IntelliJ IDEA Community Edition 2023.1.2\bin
22-Oct-2023 16:57:03.167 INFO [main] org.apache.catalina.startup.VersionLoggerListener.log Command line argument: -Dfile.encoding=UTF-8
22-Oct-2023 16:57:03.168 INFO [main] org.apache.catalina.startup.VersionLoggerListener.log Command line argument: -Dsun.stdout.encoding=UTF-8
22-Oct-2023 16:57:03.168 INFO [main] org.apache.catalina.startup.VersionLoggerListener.log Command line argument: -Dsun.stderr.encoding=UTF-8
22-Oct-2023 16:57:03.185 INFO [main] org.apache.catalina.core.AprLifecycleListener.lifecycleEvent The Apache Tomcat Native library which allows using OpenSSL was not found on the java.library.path: [C:\Users\Admin\.jdks\openjdk-20.0.2\bin;C:\WINDOWS\Sun\Java\bin;C:\WINDOWS\system32;C:\WINDOWS;C:\WINDOWS\system32;C:\WINDOWS;C:\WINDOWS\System32\Wbem;C:\WINDOWS\System32\WindowsPowerShell\v1.0\;C:\WINDOWS\System32\OpenSSH\;C:\Program Files\nodejs\;C:\Maven\bin\;C:\Program Files\Git\cmd;C:\Program Files\Java\jdk-20\bin;C:\Program Files\MySQL\MySQL Shell 8.0\bin\;C:\Users\Admin\AppData\Local\Microsoft\WindowsApps;C:\Users\Admin\AppData\Local\Programs\Microsoft VS Code\bin;C:\Users\Admin\AppData\Roaming\npm;C:\Program Files\Java\jdk-20\bin;;.]
22-Oct-2023 16:57:03.917 INFO [main] org.apache.coyote.AbstractProtocol.init Initializing ProtocolHandler ["http-nio-8080"]
22-Oct-2023 16:57:03.963 INFO [main] org.apache.catalina.startup.Catalina.load Server initialization in [1756] milliseconds
22-Oct-2023 16:57:04.079 INFO [main] org.apache.catalina.core.StandardService.startInternal Starting service [Catalina]
22-Oct-2023 16:57:04.079 INFO [main] org.apache.catalina.core.StandardEngine.startInternal Starting Servlet engine: [Apache Tomcat/10.1.13]
22-Oct-2023 16:57:04.105 INFO [main] org.apache.catalina.startup.HostConfig.deployDescriptor Deploying deployment descriptor [C:\Users\Admin\IdeaProjects\JSP-Servlet-Currency-Converter\conf\Catalina\localhost\JSP-Servlet-Currency-Converter.xml]
22-Oct-2023 16:57:06.975 INFO [main] org.apache.jasper.servlet.TldScanner.scanJars At least one JAR was scanned for TLDs yet contained no TLDs. Enable debug logging for this logger for a complete list of JARs that were scanned but no TLDs were found in them. Skipping unneeded JARs during scanning can improve startup time and JSP compilation time.
22-Oct-2023 16:57:07.205 INFO [main] org.apache.catalina.startup.HostConfig.deployDescriptor Deployment of deployment descriptor [C:\Users\Admin\IdeaProjects\JSP-Servlet-Currency-Converter\conf\Catalina\localhost\JSP-Servlet-Currency-Converter.xml] has finished in [3,099] ms
22-Oct-2023 16:57:07.212 INFO [main] org.apache.coyote.AbstractProtocol.start Starting ProtocolHandler ["http-nio-8080"]
22-Oct-2023 16:57:07.318 INFO [main] org.apache.catalina.startup.Catalina.start Server startup in [3352] milliseconds
22-Oct-2023 16:58:52.333 INFO [Thread-1] org.apache.coyote.AbstractProtocol.pause Pausing ProtocolHandler ["http-nio-8080"]
22-Oct-2023 16:58:52.355 INFO [Thread-1] org.apache.catalina.core.StandardService.stopInternal Stopping service [Catalina]
22-Oct-2023 16:58:52.374 INFO [Thread-1] org.apache.coyote.AbstractProtocol.stop Stopping ProtocolHandler ["http-nio-8080"]
22-Oct-2023 16:58:52.397 INFO [Thread-1] org.apache.coyote.AbstractProtocol.destroy Destroying ProtocolHandler ["http-nio-8080"]
22-Oct-2023 16:58:56.261 INFO [main] org.apache.catalina.startup.VersionLoggerListener.log Server version name:   Apache Tomcat/10.1.13
22-Oct-2023 16:58:56.267 INFO [main] org.apache.catalina.startup.VersionLoggerListener.log Server built:          Aug 23 2023 21:34:59 UTC
22-Oct-2023 16:58:56.267 INFO [main] org.apache.catalina.startup.VersionLoggerListener.log Server version number: 10.1.13.0
22-Oct-2023 16:58:56.267 INFO [main] org.apache.catalina.startup.VersionLoggerListener.log OS Name:               Windows 11
22-Oct-2023 16:58:56.267 INFO [main] org.apache.catalina.startup.VersionLoggerListener.log OS Version:            10.0
22-Oct-2023 16:58:56.268 INFO [main] org.apache.catalina.startup.VersionLoggerListener.log Architecture:          amd64
22-Oct-2023 16:58:56.268 INFO [main] org.apache.catalina.startup.VersionLoggerListener.log Java Home:             C:\Users\Admin\.jdks\openjdk-20.0.2
22-Oct-2023 16:58:56.268 INFO [main] org.apache.catalina.startup.VersionLoggerListener.log JVM Version:           20.0.2+9-78
22-Oct-2023 16:58:56.268 INFO [main] org.apache.catalina.startup.VersionLoggerListener.log JVM Vendor:            Oracle Corporation
22-Oct-2023 16:58:56.268 INFO [main] org.apache.catalina.startup.VersionLoggerListener.log CATALINA_BASE:         C:\Users\Admin\IdeaProjects\JSP-Servlet-Currency-Converter
22-Oct-2023 16:58:56.268 INFO [main] org.apache.catalina.startup.VersionLoggerListener.log CATALINA_HOME:         C:\Program Files\Apache Software Foundation\Tomcat 10.1
22-Oct-2023 16:58:56.282 INFO [main] org.apache.catalina.startup.VersionLoggerListener.log Command line argument: --add-opens=java.base/java.lang=ALL-UNNAMED
22-Oct-2023 16:58:56.282 INFO [main] org.apache.catalina.startup.VersionLoggerListener.log Command line argument: --add-opens=java.base/java.io=ALL-UNNAMED
22-Oct-2023 16:58:56.282 INFO [main] org.apache.catalina.startup.VersionLoggerListener.log Command line argument: --add-opens=java.base/java.util=ALL-UNNAMED
22-Oct-2023 16:58:56.282 INFO [main] org.apache.catalina.startup.VersionLoggerListener.log Command line argument: --add-opens=java.base/java.util.concurrent=ALL-UNNAMED
22-Oct-2023 16:58:56.282 INFO [main] org.apache.catalina.startup.VersionLoggerListener.log Command line argument: --add-opens=java.rmi/sun.rmi.transport=ALL-UNNAMED
22-Oct-2023 16:58:56.282 INFO [main] org.apache.catalina.startup.VersionLoggerListener.log Command line argument: -Dcatalina.home=C:\Program Files\Apache Software Foundation\Tomcat 10.1
22-Oct-2023 16:58:56.282 INFO [main] org.apache.catalina.startup.VersionLoggerListener.log Command line argument: -Dcatalina.base=C:\Users\Admin\IdeaProjects\JSP-Servlet-Currency-Converter
22-Oct-2023 16:58:56.282 INFO [main] org.apache.catalina.startup.VersionLoggerListener.log Command line argument: -Djava.io.tmpdir=C:\Users\Admin\IdeaProjects\JSP-Servlet-Currency-Converter\temp
22-Oct-2023 16:58:56.283 INFO [main] org.apache.catalina.startup.VersionLoggerListener.log Command line argument: -Djava.util.logging.config.file=C:\Users\Admin\IdeaProjects\JSP-Servlet-Currency-Converter\conf\logging.properties
22-Oct-2023 16:58:56.283 INFO [main] org.apache.catalina.startup.VersionLoggerListener.log Command line argument: -Djava.util.logging.manager=org.apache.juli.ClassLoaderLogManager
22-Oct-2023 16:58:56.283 INFO [main] org.apache.catalina.startup.VersionLoggerListener.log Command line argument: -javaagent:C:\Program Files\JetBrains\IntelliJ IDEA Community Edition 2023.1.2\lib\idea_rt.jar=59839:C:\Program Files\JetBrains\IntelliJ IDEA Community Edition 2023.1.2\bin
22-Oct-2023 16:58:56.283 INFO [main] org.apache.catalina.startup.VersionLoggerListener.log Command line argument: -Dfile.encoding=UTF-8
22-Oct-2023 16:58:56.283 INFO [main] org.apache.catalina.startup.VersionLoggerListener.log Command line argument: -Dsun.stdout.encoding=UTF-8
22-Oct-2023 16:58:56.283 INFO [main] org.apache.catalina.startup.VersionLoggerListener.log Command line argument: -Dsun.stderr.encoding=UTF-8
22-Oct-2023 16:58:56.291 INFO [main] org.apache.catalina.core.AprLifecycleListener.lifecycleEvent The Apache Tomcat Native library which allows using OpenSSL was not found on the java.library.path: [C:\Users\Admin\.jdks\openjdk-20.0.2\bin;C:\WINDOWS\Sun\Java\bin;C:\WINDOWS\system32;C:\WINDOWS;C:\WINDOWS\system32;C:\WINDOWS;C:\WINDOWS\System32\Wbem;C:\WINDOWS\System32\WindowsPowerShell\v1.0\;C:\WINDOWS\System32\OpenSSH\;C:\Program Files\nodejs\;C:\Maven\bin\;C:\Program Files\Git\cmd;C:\Program Files\Java\jdk-20\bin;C:\Program Files\MySQL\MySQL Shell 8.0\bin\;C:\Users\Admin\AppData\Local\Microsoft\WindowsApps;C:\Users\Admin\AppData\Local\Programs\Microsoft VS Code\bin;C:\Users\Admin\AppData\Roaming\npm;C:\Program Files\Java\jdk-20\bin;;.]
22-Oct-2023 16:58:56.786 INFO [main] org.apache.coyote.AbstractProtocol.init Initializing ProtocolHandler ["http-nio-8080"]
22-Oct-2023 16:58:56.817 INFO [main] org.apache.catalina.startup.Catalina.load Server initialization in [871] milliseconds
22-Oct-2023 16:58:56.885 INFO [main] org.apache.catalina.core.StandardService.startInternal Starting service [Catalina]
22-Oct-2023 16:58:56.885 INFO [main] org.apache.catalina.core.StandardEngine.startInternal Starting Servlet engine: [Apache Tomcat/10.1.13]
22-Oct-2023 16:58:56.902 INFO [main] org.apache.catalina.startup.HostConfig.deployDescriptor Deploying deployment descriptor [C:\Users\Admin\IdeaProjects\JSP-Servlet-Currency-Converter\conf\Catalina\localhost\JSP-Servlet-Currency-Converter.xml]
22-Oct-2023 16:58:59.208 INFO [main] org.apache.jasper.servlet.TldScanner.scanJars At least one JAR was scanned for TLDs yet contained no TLDs. Enable debug logging for this logger for a complete list of JARs that were scanned but no TLDs were found in them. Skipping unneeded JARs during scanning can improve startup time and JSP compilation time.
22-Oct-2023 16:58:59.356 INFO [main] org.apache.catalina.startup.HostConfig.deployDescriptor Deployment of deployment descriptor [C:\Users\Admin\IdeaProjects\JSP-Servlet-Currency-Converter\conf\Catalina\localhost\JSP-Servlet-Currency-Converter.xml] has finished in [2,453] ms
22-Oct-2023 16:58:59.361 INFO [main] org.apache.coyote.AbstractProtocol.start Starting ProtocolHandler ["http-nio-8080"]
22-Oct-2023 16:58:59.455 INFO [main] org.apache.catalina.startup.Catalina.start Server startup in [2635] milliseconds
22-Oct-2023 17:07:41.266 INFO [Thread-1] org.apache.coyote.AbstractProtocol.pause Pausing ProtocolHandler ["http-nio-8080"]
22-Oct-2023 17:07:41.285 INFO [Thread-1] org.apache.catalina.core.StandardService.stopInternal Stopping service [Catalina]
22-Oct-2023 17:07:41.300 INFO [Thread-1] org.apache.coyote.AbstractProtocol.stop Stopping ProtocolHandler ["http-nio-8080"]
22-Oct-2023 17:07:41.311 INFO [Thread-1] org.apache.coyote.AbstractProtocol.destroy Destroying ProtocolHandler ["http-nio-8080"]
22-Oct-2023 17:07:43.351 INFO [main] org.apache.catalina.startup.VersionLoggerListener.log Server version name:   Apache Tomcat/10.1.13
22-Oct-2023 17:07:43.358 INFO [main] org.apache.catalina.startup.VersionLoggerListener.log Server built:          Aug 23 2023 21:34:59 UTC
22-Oct-2023 17:07:43.359 INFO [main] org.apache.catalina.startup.VersionLoggerListener.log Server version number: 10.1.13.0
22-Oct-2023 17:07:43.359 INFO [main] org.apache.catalina.startup.VersionLoggerListener.log OS Name:               Windows 11
22-Oct-2023 17:07:43.359 INFO [main] org.apache.catalina.startup.VersionLoggerListener.log OS Version:            10.0
22-Oct-2023 17:07:43.359 INFO [main] org.apache.catalina.startup.VersionLoggerListener.log Architecture:          amd64
22-Oct-2023 17:07:43.360 INFO [main] org.apache.catalina.startup.VersionLoggerListener.log Java Home:             C:\Users\Admin\.jdks\openjdk-20.0.2
22-Oct-2023 17:07:43.360 INFO [main] org.apache.catalina.startup.VersionLoggerListener.log JVM Version:           20.0.2+9-78
22-Oct-2023 17:07:43.360 INFO [main] org.apache.catalina.startup.VersionLoggerListener.log JVM Vendor:            Oracle Corporation
22-Oct-2023 17:07:43.360 INFO [main] org.apache.catalina.startup.VersionLoggerListener.log CATALINA_BASE:         C:\Users\Admin\IdeaProjects\JSP-Servlet-Currency-Converter
22-Oct-2023 17:07:43.360 INFO [main] org.apache.catalina.startup.VersionLoggerListener.log CATALINA_HOME:         C:\Program Files\Apache Software Foundation\Tomcat 10.1
22-Oct-2023 17:07:43.372 INFO [main] org.apache.catalina.startup.VersionLoggerListener.log Command line argument: --add-opens=java.base/java.lang=ALL-UNNAMED
22-Oct-2023 17:07:43.372 INFO [main] org.apache.catalina.startup.VersionLoggerListener.log Command line argument: --add-opens=java.base/java.io=ALL-UNNAMED
22-Oct-2023 17:07:43.372 INFO [main] org.apache.catalina.startup.VersionLoggerListener.log Command line argument: --add-opens=java.base/java.util=ALL-UNNAMED
22-Oct-2023 17:07:43.373 INFO [main] org.apache.catalina.startup.VersionLoggerListener.log Command line argument: --add-opens=java.base/java.util.concurrent=ALL-UNNAMED
22-Oct-2023 17:07:43.373 INFO [main] org.apache.catalina.startup.VersionLoggerListener.log Command line argument: --add-opens=java.rmi/sun.rmi.transport=ALL-UNNAMED
22-Oct-2023 17:07:43.373 INFO [main] org.apache.catalina.startup.VersionLoggerListener.log Command line argument: -Dcatalina.home=C:\Program Files\Apache Software Foundation\Tomcat 10.1
22-Oct-2023 17:07:43.373 INFO [main] org.apache.catalina.startup.VersionLoggerListener.log Command line argument: -Dcatalina.base=C:\Users\Admin\IdeaProjects\JSP-Servlet-Currency-Converter
22-Oct-2023 17:07:43.373 INFO [main] org.apache.catalina.startup.VersionLoggerListener.log Command line argument: -Djava.io.tmpdir=C:\Users\Admin\IdeaProjects\JSP-Servlet-Currency-Converter\temp
22-Oct-2023 17:07:43.373 INFO [main] org.apache.catalina.startup.VersionLoggerListener.log Command line argument: -Djava.util.logging.config.file=C:\Users\Admin\IdeaProjects\JSP-Servlet-Currency-Converter\conf\logging.properties
22-Oct-2023 17:07:43.374 INFO [main] org.apache.catalina.startup.VersionLoggerListener.log Command line argument: -Djava.util.logging.manager=org.apache.juli.ClassLoaderLogManager
22-Oct-2023 17:07:43.374 INFO [main] org.apache.catalina.startup.VersionLoggerListener.log Command line argument: -javaagent:C:\Program Files\JetBrains\IntelliJ IDEA Community Edition 2023.1.2\lib\idea_rt.jar=59931:C:\Program Files\JetBrains\IntelliJ IDEA Community Edition 2023.1.2\bin
22-Oct-2023 17:07:43.374 INFO [main] org.apache.catalina.startup.VersionLoggerListener.log Command line argument: -Dfile.encoding=UTF-8
22-Oct-2023 17:07:43.374 INFO [main] org.apache.catalina.startup.VersionLoggerListener.log Command line argument: -Dsun.stdout.encoding=UTF-8
22-Oct-2023 17:07:43.374 INFO [main] org.apache.catalina.startup.VersionLoggerListener.log Command line argument: -Dsun.stderr.encoding=UTF-8
22-Oct-2023 17:07:43.384 INFO [main] org.apache.catalina.core.AprLifecycleListener.lifecycleEvent The Apache Tomcat Native library which allows using OpenSSL was not found on the java.library.path: [C:\Users\Admin\.jdks\openjdk-20.0.2\bin;C:\WINDOWS\Sun\Java\bin;C:\WINDOWS\system32;C:\WINDOWS;C:\WINDOWS\system32;C:\WINDOWS;C:\WINDOWS\System32\Wbem;C:\WINDOWS\System32\WindowsPowerShell\v1.0\;C:\WINDOWS\System32\OpenSSH\;C:\Program Files\nodejs\;C:\Maven\bin\;C:\Program Files\Git\cmd;C:\Program Files\Java\jdk-20\bin;C:\Program Files\MySQL\MySQL Shell 8.0\bin\;C:\Users\Admin\AppData\Local\Microsoft\WindowsApps;C:\Users\Admin\AppData\Local\Programs\Microsoft VS Code\bin;C:\Users\Admin\AppData\Roaming\npm;C:\Program Files\Java\jdk-20\bin;;.]
22-Oct-2023 17:07:43.899 INFO [main] org.apache.coyote.AbstractProtocol.init Initializing ProtocolHandler ["http-nio-8080"]
22-Oct-2023 17:07:43.924 INFO [main] org.apache.catalina.startup.Catalina.load Server initialization in [863] milliseconds
22-Oct-2023 17:07:44.001 INFO [main] org.apache.catalina.core.StandardService.startInternal Starting service [Catalina]
22-Oct-2023 17:07:44.001 INFO [main] org.apache.catalina.core.StandardEngine.startInternal Starting Servlet engine: [Apache Tomcat/10.1.13]
22-Oct-2023 17:07:44.018 INFO [main] org.apache.catalina.startup.HostConfig.deployDescriptor Deploying deployment descriptor [C:\Users\Admin\IdeaProjects\JSP-Servlet-Currency-Converter\conf\Catalina\localhost\JSP-Servlet-Currency-Converter.xml]
22-Oct-2023 17:07:46.023 INFO [main] org.apache.jasper.servlet.TldScanner.scanJars At least one JAR was scanned for TLDs yet contained no TLDs. Enable debug logging for this logger for a complete list of JARs that were scanned but no TLDs were found in them. Skipping unneeded JARs during scanning can improve startup time and JSP compilation time.
22-Oct-2023 17:07:46.175 INFO [main] org.apache.catalina.startup.HostConfig.deployDescriptor Deployment of deployment descriptor [C:\Users\Admin\IdeaProjects\JSP-Servlet-Currency-Converter\conf\Catalina\localhost\JSP-Servlet-Currency-Converter.xml] has finished in [2,155] ms
22-Oct-2023 17:07:46.187 INFO [main] org.apache.coyote.AbstractProtocol.start Starting ProtocolHandler ["http-nio-8080"]
22-Oct-2023 17:07:46.276 INFO [main] org.apache.catalina.startup.Catalina.start Server startup in [2351] milliseconds
22-Oct-2023 17:09:41.000 INFO [Thread-1] org.apache.coyote.AbstractProtocol.pause Pausing ProtocolHandler ["http-nio-8080"]
22-Oct-2023 17:09:41.025 INFO [Thread-1] org.apache.catalina.core.StandardService.stopInternal Stopping service [Catalina]
22-Oct-2023 17:09:41.054 INFO [Thread-1] org.apache.coyote.AbstractProtocol.stop Stopping ProtocolHandler ["http-nio-8080"]
22-Oct-2023 17:09:41.061 INFO [Thread-1] org.apache.coyote.AbstractProtocol.destroy Destroying ProtocolHandler ["http-nio-8080"]
22-Oct-2023 17:09:43.366 INFO [main] org.apache.catalina.startup.VersionLoggerListener.log Server version name:   Apache Tomcat/10.1.13
22-Oct-2023 17:09:43.371 INFO [main] org.apache.catalina.startup.VersionLoggerListener.log Server built:          Aug 23 2023 21:34:59 UTC
22-Oct-2023 17:09:43.371 INFO [main] org.apache.catalina.startup.VersionLoggerListener.log Server version number: 10.1.13.0
22-Oct-2023 17:09:43.371 INFO [main] org.apache.catalina.startup.VersionLoggerListener.log OS Name:               Windows 11
22-Oct-2023 17:09:43.371 INFO [main] org.apache.catalina.startup.VersionLoggerListener.log OS Version:            10.0
22-Oct-2023 17:09:43.371 INFO [main] org.apache.catalina.startup.VersionLoggerListener.log Architecture:          amd64
22-Oct-2023 17:09:43.373 INFO [main] org.apache.catalina.startup.VersionLoggerListener.log Java Home:             C:\Users\Admin\.jdks\openjdk-20.0.2
22-Oct-2023 17:09:43.373 INFO [main] org.apache.catalina.startup.VersionLoggerListener.log JVM Version:           20.0.2+9-78
22-Oct-2023 17:09:43.373 INFO [main] org.apache.catalina.startup.VersionLoggerListener.log JVM Vendor:            Oracle Corporation
22-Oct-2023 17:09:43.373 INFO [main] org.apache.catalina.startup.VersionLoggerListener.log CATALINA_BASE:         C:\Users\Admin\IdeaProjects\JSP-Servlet-Currency-Converter
22-Oct-2023 17:09:43.373 INFO [main] org.apache.catalina.startup.VersionLoggerListener.log CATALINA_HOME:         C:\Program Files\Apache Software Foundation\Tomcat 10.1
22-Oct-2023 17:09:43.384 INFO [main] org.apache.catalina.startup.VersionLoggerListener.log Command line argument: --add-opens=java.base/java.lang=ALL-UNNAMED
22-Oct-2023 17:09:43.384 INFO [main] org.apache.catalina.startup.VersionLoggerListener.log Command line argument: --add-opens=java.base/java.io=ALL-UNNAMED
22-Oct-2023 17:09:43.384 INFO [main] org.apache.catalina.startup.VersionLoggerListener.log Command line argument: --add-opens=java.base/java.util=ALL-UNNAMED
22-Oct-2023 17:09:43.384 INFO [main] org.apache.catalina.startup.VersionLoggerListener.log Command line argument: --add-opens=java.base/java.util.concurrent=ALL-UNNAMED
22-Oct-2023 17:09:43.384 INFO [main] org.apache.catalina.startup.VersionLoggerListener.log Command line argument: --add-opens=java.rmi/sun.rmi.transport=ALL-UNNAMED
22-Oct-2023 17:09:43.384 INFO [main] org.apache.catalina.startup.VersionLoggerListener.log Command line argument: -Dcatalina.home=C:\Program Files\Apache Software Foundation\Tomcat 10.1
22-Oct-2023 17:09:43.385 INFO [main] org.apache.catalina.startup.VersionLoggerListener.log Command line argument: -Dcatalina.base=C:\Users\Admin\IdeaProjects\JSP-Servlet-Currency-Converter
22-Oct-2023 17:09:43.385 INFO [main] org.apache.catalina.startup.VersionLoggerListener.log Command line argument: -Djava.io.tmpdir=C:\Users\Admin\IdeaProjects\JSP-Servlet-Currency-Converter\temp
22-Oct-2023 17:09:43.385 INFO [main] org.apache.catalina.startup.VersionLoggerListener.log Command line argument: -Djava.util.logging.config.file=C:\Users\Admin\IdeaProjects\JSP-Servlet-Currency-Converter\conf\logging.properties
22-Oct-2023 17:09:43.385 INFO [main] org.apache.catalina.startup.VersionLoggerListener.log Command line argument: -Djava.util.logging.manager=org.apache.juli.ClassLoaderLogManager
22-Oct-2023 17:09:43.385 INFO [main] org.apache.catalina.startup.VersionLoggerListener.log Command line argument: -javaagent:C:\Program Files\JetBrains\IntelliJ IDEA Community Edition 2023.1.2\lib\idea_rt.jar=59940:C:\Program Files\JetBrains\IntelliJ IDEA Community Edition 2023.1.2\bin
22-Oct-2023 17:09:43.386 INFO [main] org.apache.catalina.startup.VersionLoggerListener.log Command line argument: -Dfile.encoding=UTF-8
22-Oct-2023 17:09:43.386 INFO [main] org.apache.catalina.startup.VersionLoggerListener.log Command line argument: -Dsun.stdout.encoding=UTF-8
22-Oct-2023 17:09:43.386 INFO [main] org.apache.catalina.startup.VersionLoggerListener.log Command line argument: -Dsun.stderr.encoding=UTF-8
22-Oct-2023 17:09:43.393 INFO [main] org.apache.catalina.core.AprLifecycleListener.lifecycleEvent The Apache Tomcat Native library which allows using OpenSSL was not found on the java.library.path: [C:\Users\Admin\.jdks\openjdk-20.0.2\bin;C:\WINDOWS\Sun\Java\bin;C:\WINDOWS\system32;C:\WINDOWS;C:\WINDOWS\system32;C:\WINDOWS;C:\WINDOWS\System32\Wbem;C:\WINDOWS\System32\WindowsPowerShell\v1.0\;C:\WINDOWS\System32\OpenSSH\;C:\Program Files\nodejs\;C:\Maven\bin\;C:\Program Files\Git\cmd;C:\Program Files\Java\jdk-20\bin;C:\Program Files\MySQL\MySQL Shell 8.0\bin\;C:\Users\Admin\AppData\Local\Microsoft\WindowsApps;C:\Users\Admin\AppData\Local\Programs\Microsoft VS Code\bin;C:\Users\Admin\AppData\Roaming\npm;C:\Program Files\Java\jdk-20\bin;;.]
22-Oct-2023 17:09:43.872 INFO [main] org.apache.coyote.AbstractProtocol.init Initializing ProtocolHandler ["http-nio-8080"]
22-Oct-2023 17:09:43.902 INFO [main] org.apache.catalina.startup.Catalina.load Server initialization in [825] milliseconds
22-Oct-2023 17:09:43.974 INFO [main] org.apache.catalina.core.StandardService.startInternal Starting service [Catalina]
22-Oct-2023 17:09:43.974 INFO [main] org.apache.catalina.core.StandardEngine.startInternal Starting Servlet engine: [Apache Tomcat/10.1.13]
22-Oct-2023 17:09:43.990 INFO [main] org.apache.catalina.startup.HostConfig.deployDescriptor Deploying deployment descriptor [C:\Users\Admin\IdeaProjects\JSP-Servlet-Currency-Converter\conf\Catalina\localhost\JSP-Servlet-Currency-Converter.xml]
22-Oct-2023 17:09:45.916 INFO [main] org.apache.jasper.servlet.TldScanner.scanJars At least one JAR was scanned for TLDs yet contained no TLDs. Enable debug logging for this logger for a complete list of JARs that were scanned but no TLDs were found in them. Skipping unneeded JARs during scanning can improve startup time and JSP compilation time.
22-Oct-2023 17:09:46.052 INFO [main] org.apache.catalina.startup.HostConfig.deployDescriptor Deployment of deployment descriptor [C:\Users\Admin\IdeaProjects\JSP-Servlet-Currency-Converter\conf\Catalina\localhost\JSP-Servlet-Currency-Converter.xml] has finished in [2,062] ms
22-Oct-2023 17:09:46.057 INFO [main] org.apache.coyote.AbstractProtocol.start Starting ProtocolHandler ["http-nio-8080"]
22-Oct-2023 17:09:46.122 INFO [main] org.apache.catalina.startup.Catalina.start Server startup in [2218] milliseconds
22-Oct-2023 17:16:14.575 INFO [Thread-1] org.apache.coyote.AbstractProtocol.pause Pausing ProtocolHandler ["http-nio-8080"]
22-Oct-2023 17:16:14.593 INFO [Thread-1] org.apache.catalina.core.StandardService.stopInternal Stopping service [Catalina]
22-Oct-2023 17:16:14.604 INFO [Thread-1] org.apache.coyote.AbstractProtocol.stop Stopping ProtocolHandler ["http-nio-8080"]
22-Oct-2023 17:16:14.631 INFO [Thread-1] org.apache.coyote.AbstractProtocol.destroy Destroying ProtocolHandler ["http-nio-8080"]
22-Oct-2023 17:16:18.304 INFO [main] org.apache.catalina.startup.VersionLoggerListener.log Server version name:   Apache Tomcat/10.1.13
22-Oct-2023 17:16:18.310 INFO [main] org.apache.catalina.startup.VersionLoggerListener.log Server built:          Aug 23 2023 21:34:59 UTC
22-Oct-2023 17:16:18.310 INFO [main] org.apache.catalina.startup.VersionLoggerListener.log Server version number: 10.1.13.0
22-Oct-2023 17:16:18.310 INFO [main] org.apache.catalina.startup.VersionLoggerListener.log OS Name:               Windows 11
22-Oct-2023 17:16:18.311 INFO [main] org.apache.catalina.startup.VersionLoggerListener.log OS Version:            10.0
22-Oct-2023 17:16:18.311 INFO [main] org.apache.catalina.startup.VersionLoggerListener.log Architecture:          amd64
22-Oct-2023 17:16:18.311 INFO [main] org.apache.catalina.startup.VersionLoggerListener.log Java Home:             C:\Users\Admin\.jdks\openjdk-20.0.2
22-Oct-2023 17:16:18.311 INFO [main] org.apache.catalina.startup.VersionLoggerListener.log JVM Version:           20.0.2+9-78
22-Oct-2023 17:16:18.311 INFO [main] org.apache.catalina.startup.VersionLoggerListener.log JVM Vendor:            Oracle Corporation
22-Oct-2023 17:16:18.311 INFO [main] org.apache.catalina.startup.VersionLoggerListener.log CATALINA_BASE:         C:\Users\Admin\IdeaProjects\JSP-Servlet-Currency-Converter
22-Oct-2023 17:16:18.311 INFO [main] org.apache.catalina.startup.VersionLoggerListener.log CATALINA_HOME:         C:\Program Files\Apache Software Foundation\Tomcat 10.1
22-Oct-2023 17:16:18.324 INFO [main] org.apache.catalina.startup.VersionLoggerListener.log Command line argument: --add-opens=java.base/java.lang=ALL-UNNAMED
22-Oct-2023 17:16:18.324 INFO [main] org.apache.catalina.startup.VersionLoggerListener.log Command line argument: --add-opens=java.base/java.io=ALL-UNNAMED
22-Oct-2023 17:16:18.324 INFO [main] org.apache.catalina.startup.VersionLoggerListener.log Command line argument: --add-opens=java.base/java.util=ALL-UNNAMED
22-Oct-2023 17:16:18.325 INFO [main] org.apache.catalina.startup.VersionLoggerListener.log Command line argument: --add-opens=java.base/java.util.concurrent=ALL-UNNAMED
22-Oct-2023 17:16:18.325 INFO [main] org.apache.catalina.startup.VersionLoggerListener.log Command line argument: --add-opens=java.rmi/sun.rmi.transport=ALL-UNNAMED
22-Oct-2023 17:16:18.325 INFO [main] org.apache.catalina.startup.VersionLoggerListener.log Command line argument: -Dcatalina.home=C:\Program Files\Apache Software Foundation\Tomcat 10.1
22-Oct-2023 17:16:18.325 INFO [main] org.apache.catalina.startup.VersionLoggerListener.log Command line argument: -Dcatalina.base=C:\Users\Admin\IdeaProjects\JSP-Servlet-Currency-Converter
22-Oct-2023 17:16:18.325 INFO [main] org.apache.catalina.startup.VersionLoggerListener.log Command line argument: -Djava.io.tmpdir=C:\Users\Admin\IdeaProjects\JSP-Servlet-Currency-Converter\temp
22-Oct-2023 17:16:18.325 INFO [main] org.apache.catalina.startup.VersionLoggerListener.log Command line argument: -Djava.util.logging.config.file=C:\Users\Admin\IdeaProjects\JSP-Servlet-Currency-Converter\conf\logging.properties
22-Oct-2023 17:16:18.325 INFO [main] org.apache.catalina.startup.VersionLoggerListener.log Command line argument: -Djava.util.logging.manager=org.apache.juli.ClassLoaderLogManager
22-Oct-2023 17:16:18.325 INFO [main] org.apache.catalina.startup.VersionLoggerListener.log Command line argument: -javaagent:C:\Program Files\JetBrains\IntelliJ IDEA Community Edition 2023.1.2\lib\idea_rt.jar=59967:C:\Program Files\JetBrains\IntelliJ IDEA Community Edition 2023.1.2\bin
22-Oct-2023 17:16:18.326 INFO [main] org.apache.catalina.startup.VersionLoggerListener.log Command line argument: -Dfile.encoding=UTF-8
22-Oct-2023 17:16:18.326 INFO [main] org.apache.catalina.startup.VersionLoggerListener.log Command line argument: -Dsun.stdout.encoding=UTF-8
22-Oct-2023 17:16:18.326 INFO [main] org.apache.catalina.startup.VersionLoggerListener.log Command line argument: -Dsun.stderr.encoding=UTF-8
22-Oct-2023 17:16:18.332 INFO [main] org.apache.catalina.core.AprLifecycleListener.lifecycleEvent The Apache Tomcat Native library which allows using OpenSSL was not found on the java.library.path: [C:\Users\Admin\.jdks\openjdk-20.0.2\bin;C:\WINDOWS\Sun\Java\bin;C:\WINDOWS\system32;C:\WINDOWS;C:\WINDOWS\system32;C:\WINDOWS;C:\WINDOWS\System32\Wbem;C:\WINDOWS\System32\WindowsPowerShell\v1.0\;C:\WINDOWS\System32\OpenSSH\;C:\Program Files\nodejs\;C:\Maven\bin\;C:\Program Files\Git\cmd;C:\Program Files\Java\jdk-20\bin;C:\Program Files\MySQL\MySQL Shell 8.0\bin\;C:\Users\Admin\AppData\Local\Microsoft\WindowsApps;C:\Users\Admin\AppData\Local\Programs\Microsoft VS Code\bin;C:\Users\Admin\AppData\Roaming\npm;C:\Program Files\Java\jdk-20\bin;;.]
22-Oct-2023 17:16:18.796 INFO [main] org.apache.coyote.AbstractProtocol.init Initializing ProtocolHandler ["http-nio-8080"]
22-Oct-2023 17:16:18.822 INFO [main] org.apache.catalina.startup.Catalina.load Server initialization in [824] milliseconds
22-Oct-2023 17:16:18.893 INFO [main] org.apache.catalina.core.StandardService.startInternal Starting service [Catalina]
22-Oct-2023 17:16:18.893 INFO [main] org.apache.catalina.core.StandardEngine.startInternal Starting Servlet engine: [Apache Tomcat/10.1.13]
22-Oct-2023 17:16:18.907 INFO [main] org.apache.catalina.startup.HostConfig.deployDescriptor Deploying deployment descriptor [C:\Users\Admin\IdeaProjects\JSP-Servlet-Currency-Converter\conf\Catalina\localhost\JSP-Servlet-Currency-Converter.xml]
22-Oct-2023 17:16:20.830 INFO [main] org.apache.jasper.servlet.TldScanner.scanJars At least one JAR was scanned for TLDs yet contained no TLDs. Enable debug logging for this logger for a complete list of JARs that were scanned but no TLDs were found in them. Skipping unneeded JARs during scanning can improve startup time and JSP compilation time.
22-Oct-2023 17:16:20.988 INFO [main] org.apache.catalina.startup.HostConfig.deployDescriptor Deployment of deployment descriptor [C:\Users\Admin\IdeaProjects\JSP-Servlet-Currency-Converter\conf\Catalina\localhost\JSP-Servlet-Currency-Converter.xml] has finished in [2,080] ms
22-Oct-2023 17:16:20.994 INFO [main] org.apache.coyote.AbstractProtocol.start Starting ProtocolHandler ["http-nio-8080"]
22-Oct-2023 17:16:21.081 INFO [main] org.apache.catalina.startup.Catalina.start Server startup in [2257] milliseconds
22-Oct-2023 17:29:09.109 INFO [Thread-1] org.apache.coyote.AbstractProtocol.pause Pausing ProtocolHandler ["http-nio-8080"]
22-Oct-2023 17:29:09.126 INFO [Thread-1] org.apache.catalina.core.StandardService.stopInternal Stopping service [Catalina]
22-Oct-2023 17:29:09.131 WARNING [Thread-1] org.apache.catalina.loader.WebappClassLoaderBase.clearReferencesJdbc The web application [JSP-Servlet-Currency-Converter] registered the JDBC driver [com.mysql.cj.jdbc.Driver] but failed to unregister it when the web application was stopped. To prevent a memory leak, the JDBC Driver has been forcibly unregistered.
22-Oct-2023 17:29:09.133 WARNING [Thread-1] org.apache.catalina.loader.WebappClassLoaderBase.clearReferencesThreads The web application [JSP-Servlet-Currency-Converter] appears to have started a thread named [mysql-cj-abandoned-connection-cleanup] but has failed to stop it. This is very likely to create a memory leak. Stack trace of thread:
 java.base/jdk.internal.misc.Unsafe.park(Native Method)
 java.base/java.util.concurrent.locks.LockSupport.parkNanos(LockSupport.java:269)
 java.base/java.util.concurrent.locks.AbstractQueuedSynchronizer$ConditionObject.await(AbstractQueuedSynchronizer.java:1847)
 java.base/java.lang.ref.ReferenceQueue.await(ReferenceQueue.java:71)
 java.base/java.lang.ref.ReferenceQueue.remove0(ReferenceQueue.java:143)
 java.base/java.lang.ref.ReferenceQueue.remove(ReferenceQueue.java:218)
 com.mysql.cj.jdbc.AbandonedConnectionCleanupThread.run(AbandonedConnectionCleanupThread.java:91)
 java.base/java.util.concurrent.ThreadPoolExecutor.runWorker(ThreadPoolExecutor.java:1144)
 java.base/java.util.concurrent.ThreadPoolExecutor$Worker.run(ThreadPoolExecutor.java:642)
 java.base/java.lang.Thread.run(Thread.java:1623)
22-Oct-2023 17:29:09.138 INFO [Thread-1] org.apache.coyote.AbstractProtocol.stop Stopping ProtocolHandler ["http-nio-8080"]
22-Oct-2023 17:29:09.151 INFO [Thread-1] org.apache.coyote.AbstractProtocol.destroy Destroying ProtocolHandler ["http-nio-8080"]
22-Oct-2023 17:29:13.675 INFO [main] org.apache.catalina.startup.VersionLoggerListener.log Server version name:   Apache Tomcat/10.1.13
22-Oct-2023 17:29:13.682 INFO [main] org.apache.catalina.startup.VersionLoggerListener.log Server built:          Aug 23 2023 21:34:59 UTC
22-Oct-2023 17:29:13.682 INFO [main] org.apache.catalina.startup.VersionLoggerListener.log Server version number: 10.1.13.0
22-Oct-2023 17:29:13.682 INFO [main] org.apache.catalina.startup.VersionLoggerListener.log OS Name:               Windows 11
22-Oct-2023 17:29:13.683 INFO [main] org.apache.catalina.startup.VersionLoggerListener.log OS Version:            10.0
22-Oct-2023 17:29:13.683 INFO [main] org.apache.catalina.startup.VersionLoggerListener.log Architecture:          amd64
22-Oct-2023 17:29:13.683 INFO [main] org.apache.catalina.startup.VersionLoggerListener.log Java Home:             C:\Users\Admin\.jdks\openjdk-20.0.2
22-Oct-2023 17:29:13.683 INFO [main] org.apache.catalina.startup.VersionLoggerListener.log JVM Version:           20.0.2+9-78
22-Oct-2023 17:29:13.683 INFO [main] org.apache.catalina.startup.VersionLoggerListener.log JVM Vendor:            Oracle Corporation
22-Oct-2023 17:29:13.683 INFO [main] org.apache.catalina.startup.VersionLoggerListener.log CATALINA_BASE:         C:\Users\Admin\IdeaProjects\JSP-Servlet-Currency-Converter
22-Oct-2023 17:29:13.683 INFO [main] org.apache.catalina.startup.VersionLoggerListener.log CATALINA_HOME:         C:\Program Files\Apache Software Foundation\Tomcat 10.1
22-Oct-2023 17:29:13.697 INFO [main] org.apache.catalina.startup.VersionLoggerListener.log Command line argument: --add-opens=java.base/java.lang=ALL-UNNAMED
22-Oct-2023 17:29:13.697 INFO [main] org.apache.catalina.startup.VersionLoggerListener.log Command line argument: --add-opens=java.base/java.io=ALL-UNNAMED
22-Oct-2023 17:29:13.697 INFO [main] org.apache.catalina.startup.VersionLoggerListener.log Command line argument: --add-opens=java.base/java.util=ALL-UNNAMED
22-Oct-2023 17:29:13.697 INFO [main] org.apache.catalina.startup.VersionLoggerListener.log Command line argument: --add-opens=java.base/java.util.concurrent=ALL-UNNAMED
22-Oct-2023 17:29:13.697 INFO [main] org.apache.catalina.startup.VersionLoggerListener.log Command line argument: --add-opens=java.rmi/sun.rmi.transport=ALL-UNNAMED
22-Oct-2023 17:29:13.698 INFO [main] org.apache.catalina.startup.VersionLoggerListener.log Command line argument: -Dcatalina.home=C:\Program Files\Apache Software Foundation\Tomcat 10.1
22-Oct-2023 17:29:13.698 INFO [main] org.apache.catalina.startup.VersionLoggerListener.log Command line argument: -Dcatalina.base=C:\Users\Admin\IdeaProjects\JSP-Servlet-Currency-Converter
22-Oct-2023 17:29:13.698 INFO [main] org.apache.catalina.startup.VersionLoggerListener.log Command line argument: -Djava.io.tmpdir=C:\Users\Admin\IdeaProjects\JSP-Servlet-Currency-Converter\temp
22-Oct-2023 17:29:13.698 INFO [main] org.apache.catalina.startup.VersionLoggerListener.log Command line argument: -Djava.util.logging.config.file=C:\Users\Admin\IdeaProjects\JSP-Servlet-Currency-Converter\conf\logging.properties
22-Oct-2023 17:29:13.698 INFO [main] org.apache.catalina.startup.VersionLoggerListener.log Command line argument: -Djava.util.logging.manager=org.apache.juli.ClassLoaderLogManager
22-Oct-2023 17:29:13.698 INFO [main] org.apache.catalina.startup.VersionLoggerListener.log Command line argument: -javaagent:C:\Program Files\JetBrains\IntelliJ IDEA Community Edition 2023.1.2\lib\idea_rt.jar=60025:C:\Program Files\JetBrains\IntelliJ IDEA Community Edition 2023.1.2\bin
22-Oct-2023 17:29:13.698 INFO [main] org.apache.catalina.startup.VersionLoggerListener.log Command line argument: -Dfile.encoding=UTF-8
22-Oct-2023 17:29:13.699 INFO [main] org.apache.catalina.startup.VersionLoggerListener.log Command line argument: -Dsun.stdout.encoding=UTF-8
22-Oct-2023 17:29:13.699 INFO [main] org.apache.catalina.startup.VersionLoggerListener.log Command line argument: -Dsun.stderr.encoding=UTF-8
22-Oct-2023 17:29:13.707 INFO [main] org.apache.catalina.core.AprLifecycleListener.lifecycleEvent The Apache Tomcat Native library which allows using OpenSSL was not found on the java.library.path: [C:\Users\Admin\.jdks\openjdk-20.0.2\bin;C:\WINDOWS\Sun\Java\bin;C:\WINDOWS\system32;C:\WINDOWS;C:\WINDOWS\system32;C:\WINDOWS;C:\WINDOWS\System32\Wbem;C:\WINDOWS\System32\WindowsPowerShell\v1.0\;C:\WINDOWS\System32\OpenSSH\;C:\Program Files\nodejs\;C:\Maven\bin\;C:\Program Files\Git\cmd;C:\Program Files\Java\jdk-20\bin;C:\Program Files\MySQL\MySQL Shell 8.0\bin\;C:\Users\Admin\AppData\Local\Microsoft\WindowsApps;C:\Users\Admin\AppData\Local\Programs\Microsoft VS Code\bin;C:\Users\Admin\AppData\Roaming\npm;C:\Program Files\Java\jdk-20\bin;;.]
22-Oct-2023 17:29:14.194 INFO [main] org.apache.coyote.AbstractProtocol.init Initializing ProtocolHandler ["http-nio-8080"]
22-Oct-2023 17:29:14.221 INFO [main] org.apache.catalina.startup.Catalina.load Server initialization in [839] milliseconds
22-Oct-2023 17:29:14.306 INFO [main] org.apache.catalina.core.StandardService.startInternal Starting service [Catalina]
22-Oct-2023 17:29:14.306 INFO [main] org.apache.catalina.core.StandardEngine.startInternal Starting Servlet engine: [Apache Tomcat/10.1.13]
22-Oct-2023 17:29:14.325 INFO [main] org.apache.catalina.startup.HostConfig.deployDescriptor Deploying deployment descriptor [C:\Users\Admin\IdeaProjects\JSP-Servlet-Currency-Converter\conf\Catalina\localhost\JSP-Servlet-Currency-Converter.xml]
22-Oct-2023 17:29:16.261 INFO [main] org.apache.jasper.servlet.TldScanner.scanJars At least one JAR was scanned for TLDs yet contained no TLDs. Enable debug logging for this logger for a complete list of JARs that were scanned but no TLDs were found in them. Skipping unneeded JARs during scanning can improve startup time and JSP compilation time.
22-Oct-2023 17:29:16.395 INFO [main] org.apache.catalina.startup.HostConfig.deployDescriptor Deployment of deployment descriptor [C:\Users\Admin\IdeaProjects\JSP-Servlet-Currency-Converter\conf\Catalina\localhost\JSP-Servlet-Currency-Converter.xml] has finished in [2,070] ms
22-Oct-2023 17:29:16.401 INFO [main] org.apache.coyote.AbstractProtocol.start Starting ProtocolHandler ["http-nio-8080"]
22-Oct-2023 17:29:16.494 INFO [main] org.apache.catalina.startup.Catalina.start Server startup in [2269] milliseconds
