21-Oct-2023 14:11:43.032 INFO [Thread-1] org.apache.coyote.AbstractProtocol.pause Pausing ProtocolHandler ["http-nio-8080"]
21-Oct-2023 14:11:43.050 INFO [Thread-1] org.apache.catalina.core.StandardService.stopInternal Stopping service [Catalina]
21-Oct-2023 14:11:43.061 INFO [Thread-1] org.apache.coyote.AbstractProtocol.stop Stopping ProtocolHandler ["http-nio-8080"]
21-Oct-2023 14:11:43.087 INFO [Thread-1] org.apache.coyote.AbstractProtocol.destroy Destroying ProtocolHandler ["http-nio-8080"]
21-Oct-2023 14:11:46.903 INFO [main] org.apache.catalina.startup.VersionLoggerListener.log Server version name:   Apache Tomcat/10.1.13
21-Oct-2023 14:11:46.909 INFO [main] org.apache.catalina.startup.VersionLoggerListener.log Server built:          Aug 23 2023 21:34:59 UTC
21-Oct-2023 14:11:46.909 INFO [main] org.apache.catalina.startup.VersionLoggerListener.log Server version number: 10.1.13.0
21-Oct-2023 14:11:46.910 INFO [main] org.apache.catalina.startup.VersionLoggerListener.log OS Name:               Windows 11
21-Oct-2023 14:11:46.910 INFO [main] org.apache.catalina.startup.VersionLoggerListener.log OS Version:            10.0
21-Oct-2023 14:11:46.910 INFO [main] org.apache.catalina.startup.VersionLoggerListener.log Architecture:          amd64
21-Oct-2023 14:11:46.910 INFO [main] org.apache.catalina.startup.VersionLoggerListener.log Java Home:             C:\Users\Admin\.jdks\openjdk-20.0.2
21-Oct-2023 14:11:46.910 INFO [main] org.apache.catalina.startup.VersionLoggerListener.log JVM Version:           20.0.2+9-78
21-Oct-2023 14:11:46.911 INFO [main] org.apache.catalina.startup.VersionLoggerListener.log JVM Vendor:            Oracle Corporation
21-Oct-2023 14:11:46.911 INFO [main] org.apache.catalina.startup.VersionLoggerListener.log CATALINA_BASE:         C:\Users\Admin\IdeaProjects\JSP-Servlet-Currency-Converter
21-Oct-2023 14:11:46.911 INFO [main] org.apache.catalina.startup.VersionLoggerListener.log CATALINA_HOME:         C:\Program Files\Apache Software Foundation\Tomcat 10.1
21-Oct-2023 14:11:46.925 INFO [main] org.apache.catalina.startup.VersionLoggerListener.log Command line argument: --add-opens=java.base/java.lang=ALL-UNNAMED
21-Oct-2023 14:11:46.925 INFO [main] org.apache.catalina.startup.VersionLoggerListener.log Command line argument: --add-opens=java.base/java.io=ALL-UNNAMED
21-Oct-2023 14:11:46.925 INFO [main] org.apache.catalina.startup.VersionLoggerListener.log Command line argument: --add-opens=java.base/java.util=ALL-UNNAMED
21-Oct-2023 14:11:46.925 INFO [main] org.apache.catalina.startup.VersionLoggerListener.log Command line argument: --add-opens=java.base/java.util.concurrent=ALL-UNNAMED
21-Oct-2023 14:11:46.925 INFO [main] org.apache.catalina.startup.VersionLoggerListener.log Command line argument: --add-opens=java.rmi/sun.rmi.transport=ALL-UNNAMED
21-Oct-2023 14:11:46.925 INFO [main] org.apache.catalina.startup.VersionLoggerListener.log Command line argument: -Dcatalina.home=C:\Program Files\Apache Software Foundation\Tomcat 10.1
21-Oct-2023 14:11:46.925 INFO [main] org.apache.catalina.startup.VersionLoggerListener.log Command line argument: -Dcatalina.base=C:\Users\Admin\IdeaProjects\JSP-Servlet-Currency-Converter
21-Oct-2023 14:11:46.926 INFO [main] org.apache.catalina.startup.VersionLoggerListener.log Command line argument: -Djava.io.tmpdir=C:\Users\Admin\IdeaProjects\JSP-Servlet-Currency-Converter\temp
21-Oct-2023 14:11:46.926 INFO [main] org.apache.catalina.startup.VersionLoggerListener.log Command line argument: -Djava.util.logging.config.file=C:\Users\Admin\IdeaProjects\JSP-Servlet-Currency-Converter\conf\logging.properties
21-Oct-2023 14:11:46.926 INFO [main] org.apache.catalina.startup.VersionLoggerListener.log Command line argument: -Djava.util.logging.manager=org.apache.juli.ClassLoaderLogManager
21-Oct-2023 14:11:46.926 INFO [main] org.apache.catalina.startup.VersionLoggerListener.log Command line argument: -javaagent:C:\Program Files\JetBrains\IntelliJ IDEA Community Edition 2023.1.2\lib\idea_rt.jar=59005:C:\Program Files\JetBrains\IntelliJ IDEA Community Edition 2023.1.2\bin
21-Oct-2023 14:11:46.926 INFO [main] org.apache.catalina.startup.VersionLoggerListener.log Command line argument: -Dfile.encoding=UTF-8
21-Oct-2023 14:11:46.926 INFO [main] org.apache.catalina.startup.VersionLoggerListener.log Command line argument: -Dsun.stdout.encoding=UTF-8
21-Oct-2023 14:11:46.927 INFO [main] org.apache.catalina.startup.VersionLoggerListener.log Command line argument: -Dsun.stderr.encoding=UTF-8
21-Oct-2023 14:11:46.936 INFO [main] org.apache.catalina.core.AprLifecycleListener.lifecycleEvent The Apache Tomcat Native library which allows using OpenSSL was not found on the java.library.path: [C:\Users\Admin\.jdks\openjdk-20.0.2\bin;C:\WINDOWS\Sun\Java\bin;C:\WINDOWS\system32;C:\WINDOWS;C:\WINDOWS\system32;C:\WINDOWS;C:\WINDOWS\System32\Wbem;C:\WINDOWS\System32\WindowsPowerShell\v1.0\;C:\WINDOWS\System32\OpenSSH\;C:\Program Files\nodejs\;C:\Maven\bin\;C:\Program Files\Git\cmd;C:\Program Files\Java\jdk-20\bin;C:\Program Files\MySQL\MySQL Shell 8.0\bin\;C:\Users\Admin\AppData\Local\Microsoft\WindowsApps;C:\Users\Admin\AppData\Local\Programs\Microsoft VS Code\bin;C:\Users\Admin\AppData\Roaming\npm;C:\Program Files\Java\jdk-20\bin;;.]
21-Oct-2023 14:11:47.469 INFO [main] org.apache.coyote.AbstractProtocol.init Initializing ProtocolHandler ["http-nio-8080"]
21-Oct-2023 14:11:47.499 INFO [main] org.apache.catalina.startup.Catalina.load Server initialization in [895] milliseconds
21-Oct-2023 14:11:47.572 INFO [main] org.apache.catalina.core.StandardService.startInternal Starting service [Catalina]
21-Oct-2023 14:11:47.572 INFO [main] org.apache.catalina.core.StandardEngine.startInternal Starting Servlet engine: [Apache Tomcat/10.1.13]
21-Oct-2023 14:11:47.592 INFO [main] org.apache.catalina.startup.HostConfig.deployDescriptor Deploying deployment descriptor [C:\Users\Admin\IdeaProjects\JSP-Servlet-Currency-Converter\conf\Catalina\localhost\JSP-Servlet-Currency-Converter.xml]
21-Oct-2023 14:11:50.607 INFO [main] org.apache.jasper.servlet.TldScanner.scanJars At least one JAR was scanned for TLDs yet contained no TLDs. Enable debug logging for this logger for a complete list of JARs that were scanned but no TLDs were found in them. Skipping unneeded JARs during scanning can improve startup time and JSP compilation time.
21-Oct-2023 14:11:50.769 INFO [main] org.apache.catalina.startup.HostConfig.deployDescriptor Deployment of deployment descriptor [C:\Users\Admin\IdeaProjects\JSP-Servlet-Currency-Converter\conf\Catalina\localhost\JSP-Servlet-Currency-Converter.xml] has finished in [3,176] ms
21-Oct-2023 14:11:50.773 INFO [main] org.apache.coyote.AbstractProtocol.start Starting ProtocolHandler ["http-nio-8080"]
21-Oct-2023 14:11:50.846 INFO [main] org.apache.catalina.startup.Catalina.start Server startup in [3346] milliseconds
21-Oct-2023 14:41:32.879 INFO [Catalina-utility-1] org.apache.catalina.startup.HostConfig.reload Reloading context [/JSP-Servlet-Currency-Converter]
21-Oct-2023 14:41:32.879 INFO [Catalina-utility-1] org.apache.catalina.core.StandardContext.reload Reloading Context with name [/JSP-Servlet-Currency-Converter] has started
21-Oct-2023 14:41:32.897 WARNING [Catalina-utility-1] org.apache.catalina.loader.WebappClassLoaderBase.clearReferencesJdbc The web application [JSP-Servlet-Currency-Converter] registered the JDBC driver [com.mysql.cj.jdbc.Driver] but failed to unregister it when the web application was stopped. To prevent a memory leak, the JDBC Driver has been forcibly unregistered.
21-Oct-2023 14:41:32.906 WARNING [Catalina-utility-1] org.apache.catalina.loader.WebappClassLoaderBase.clearReferencesThreads The web application [JSP-Servlet-Currency-Converter] appears to have started a thread named [mysql-cj-abandoned-connection-cleanup] but has failed to stop it. This is very likely to create a memory leak. Stack trace of thread:
 java.base/jdk.internal.misc.Unsafe.park(Native Method)
 java.base/java.util.concurrent.locks.LockSupport.parkNanos(LockSupport.java:269)
 java.base/java.util.concurrent.locks.AbstractQueuedSynchronizer$ConditionObject.await(AbstractQueuedSynchronizer.java:1847)
 java.base/java.lang.ref.ReferenceQueue.await(ReferenceQueue.java:71)
 java.base/java.lang.ref.ReferenceQueue.remove0(ReferenceQueue.java:143)
 java.base/java.lang.ref.ReferenceQueue.remove(ReferenceQueue.java:218)
 com.mysql.cj.jdbc.AbandonedConnectionCleanupThread.run(AbandonedConnectionCleanupThread.java:91)
 java.base/java.util.concurrent.ThreadPoolExecutor.runWorker(ThreadPoolExecutor.java:1144)
 java.base/java.util.concurrent.ThreadPoolExecutor$Worker.run(ThreadPoolExecutor.java:642)
 java.base/java.lang.Thread.run(Thread.java:1623)
21-Oct-2023 14:41:33.914 INFO [mysql-cj-abandoned-connection-cleanup] org.apache.catalina.loader.WebappClassLoaderBase.checkStateForResourceLoading Illegal access: this web application instance has been stopped already. Could not load []. The following stack trace is thrown for debugging purposes as well as to attempt to terminate the thread which caused the illegal access.
	java.lang.IllegalStateException: Illegal access: this web application instance has been stopped already. Could not load []. The following stack trace is thrown for debugging purposes as well as to attempt to terminate the thread which caused the illegal access.
		at org.apache.catalina.loader.WebappClassLoaderBase.checkStateForResourceLoading(WebappClassLoaderBase.java:1457)
		at org.apache.catalina.loader.WebappClassLoaderBase.getResource(WebappClassLoaderBase.java:1047)
		at com.mysql.cj.jdbc.AbandonedConnectionCleanupThread.checkThreadContextClassLoader(AbandonedConnectionCleanupThread.java:123)
		at com.mysql.cj.jdbc.AbandonedConnectionCleanupThread.run(AbandonedConnectionCleanupThread.java:90)
		at java.base/java.util.concurrent.ThreadPoolExecutor.runWorker(ThreadPoolExecutor.java:1144)
		at java.base/java.util.concurrent.ThreadPoolExecutor$Worker.run(ThreadPoolExecutor.java:642)
		at java.base/java.lang.Thread.run(Thread.java:1623)
21-Oct-2023 14:41:36.176 INFO [Catalina-utility-1] org.apache.jasper.servlet.TldScanner.scanJars At least one JAR was scanned for TLDs yet contained no TLDs. Enable debug logging for this logger for a complete list of JARs that were scanned but no TLDs were found in them. Skipping unneeded JARs during scanning can improve startup time and JSP compilation time.
21-Oct-2023 14:41:36.264 INFO [Catalina-utility-1] org.apache.catalina.core.StandardContext.reload Reloading Context with name [/JSP-Servlet-Currency-Converter] is completed
21-Oct-2023 14:43:16.384 INFO [Catalina-utility-1] org.apache.catalina.startup.HostConfig.reload Reloading context [/JSP-Servlet-Currency-Converter]
21-Oct-2023 14:43:16.385 INFO [Catalina-utility-1] org.apache.catalina.core.StandardContext.reload Reloading Context with name [/JSP-Servlet-Currency-Converter] has started
21-Oct-2023 14:43:17.861 INFO [Catalina-utility-1] org.apache.jasper.servlet.TldScanner.scanJars At least one JAR was scanned for TLDs yet contained no TLDs. Enable debug logging for this logger for a complete list of JARs that were scanned but no TLDs were found in them. Skipping unneeded JARs during scanning can improve startup time and JSP compilation time.
21-Oct-2023 14:43:17.898 INFO [Catalina-utility-1] org.apache.catalina.core.StandardContext.reload Reloading Context with name [/JSP-Servlet-Currency-Converter] is completed
21-Oct-2023 14:49:38.998 INFO [Thread-1] org.apache.coyote.AbstractProtocol.pause Pausing ProtocolHandler ["http-nio-8080"]
21-Oct-2023 14:49:39.023 INFO [Thread-1] org.apache.catalina.core.StandardService.stopInternal Stopping service [Catalina]
21-Oct-2023 14:49:39.023 INFO [Thread-1] org.apache.coyote.AbstractProtocol.stop Stopping ProtocolHandler ["http-nio-8080"]
21-Oct-2023 14:49:39.042 INFO [Thread-1] org.apache.coyote.AbstractProtocol.destroy Destroying ProtocolHandler ["http-nio-8080"]
21-Oct-2023 14:49:44.670 INFO [main] org.apache.catalina.startup.VersionLoggerListener.log Server version name:   Apache Tomcat/10.1.13
21-Oct-2023 14:49:44.676 INFO [main] org.apache.catalina.startup.VersionLoggerListener.log Server built:          Aug 23 2023 21:34:59 UTC
21-Oct-2023 14:49:44.676 INFO [main] org.apache.catalina.startup.VersionLoggerListener.log Server version number: 10.1.13.0
21-Oct-2023 14:49:44.676 INFO [main] org.apache.catalina.startup.VersionLoggerListener.log OS Name:               Windows 11
21-Oct-2023 14:49:44.676 INFO [main] org.apache.catalina.startup.VersionLoggerListener.log OS Version:            10.0
21-Oct-2023 14:49:44.677 INFO [main] org.apache.catalina.startup.VersionLoggerListener.log Architecture:          amd64
21-Oct-2023 14:49:44.677 INFO [main] org.apache.catalina.startup.VersionLoggerListener.log Java Home:             C:\Users\Admin\.jdks\openjdk-20.0.2
21-Oct-2023 14:49:44.677 INFO [main] org.apache.catalina.startup.VersionLoggerListener.log JVM Version:           20.0.2+9-78
21-Oct-2023 14:49:44.677 INFO [main] org.apache.catalina.startup.VersionLoggerListener.log JVM Vendor:            Oracle Corporation
21-Oct-2023 14:49:44.677 INFO [main] org.apache.catalina.startup.VersionLoggerListener.log CATALINA_BASE:         C:\Users\Admin\IdeaProjects\JSP-Servlet-Currency-Converter
21-Oct-2023 14:49:44.677 INFO [main] org.apache.catalina.startup.VersionLoggerListener.log CATALINA_HOME:         C:\Program Files\Apache Software Foundation\Tomcat 10.1
21-Oct-2023 14:49:44.687 INFO [main] org.apache.catalina.startup.VersionLoggerListener.log Command line argument: --add-opens=java.base/java.lang=ALL-UNNAMED
21-Oct-2023 14:49:44.687 INFO [main] org.apache.catalina.startup.VersionLoggerListener.log Command line argument: --add-opens=java.base/java.io=ALL-UNNAMED
21-Oct-2023 14:49:44.687 INFO [main] org.apache.catalina.startup.VersionLoggerListener.log Command line argument: --add-opens=java.base/java.util=ALL-UNNAMED
21-Oct-2023 14:49:44.687 INFO [main] org.apache.catalina.startup.VersionLoggerListener.log Command line argument: --add-opens=java.base/java.util.concurrent=ALL-UNNAMED
21-Oct-2023 14:49:44.688 INFO [main] org.apache.catalina.startup.VersionLoggerListener.log Command line argument: --add-opens=java.rmi/sun.rmi.transport=ALL-UNNAMED
21-Oct-2023 14:49:44.688 INFO [main] org.apache.catalina.startup.VersionLoggerListener.log Command line argument: -Dcatalina.home=C:\Program Files\Apache Software Foundation\Tomcat 10.1
21-Oct-2023 14:49:44.688 INFO [main] org.apache.catalina.startup.VersionLoggerListener.log Command line argument: -Dcatalina.base=C:\Users\Admin\IdeaProjects\JSP-Servlet-Currency-Converter
21-Oct-2023 14:49:44.689 INFO [main] org.apache.catalina.startup.VersionLoggerListener.log Command line argument: -Djava.io.tmpdir=C:\Users\Admin\IdeaProjects\JSP-Servlet-Currency-Converter\temp
21-Oct-2023 14:49:44.689 INFO [main] org.apache.catalina.startup.VersionLoggerListener.log Command line argument: -Djava.util.logging.config.file=C:\Users\Admin\IdeaProjects\JSP-Servlet-Currency-Converter\conf\logging.properties
21-Oct-2023 14:49:44.689 INFO [main] org.apache.catalina.startup.VersionLoggerListener.log Command line argument: -Djava.util.logging.manager=org.apache.juli.ClassLoaderLogManager
21-Oct-2023 14:49:44.689 INFO [main] org.apache.catalina.startup.VersionLoggerListener.log Command line argument: -javaagent:C:\Program Files\JetBrains\IntelliJ IDEA Community Edition 2023.1.2\lib\idea_rt.jar=59265:C:\Program Files\JetBrains\IntelliJ IDEA Community Edition 2023.1.2\bin
21-Oct-2023 14:49:44.690 INFO [main] org.apache.catalina.startup.VersionLoggerListener.log Command line argument: -Dfile.encoding=UTF-8
21-Oct-2023 14:49:44.690 INFO [main] org.apache.catalina.startup.VersionLoggerListener.log Command line argument: -Dsun.stdout.encoding=UTF-8
21-Oct-2023 14:49:44.690 INFO [main] org.apache.catalina.startup.VersionLoggerListener.log Command line argument: -Dsun.stderr.encoding=UTF-8
21-Oct-2023 14:49:44.696 INFO [main] org.apache.catalina.core.AprLifecycleListener.lifecycleEvent The Apache Tomcat Native library which allows using OpenSSL was not found on the java.library.path: [C:\Users\Admin\.jdks\openjdk-20.0.2\bin;C:\WINDOWS\Sun\Java\bin;C:\WINDOWS\system32;C:\WINDOWS;C:\WINDOWS\system32;C:\WINDOWS;C:\WINDOWS\System32\Wbem;C:\WINDOWS\System32\WindowsPowerShell\v1.0\;C:\WINDOWS\System32\OpenSSH\;C:\Program Files\nodejs\;C:\Maven\bin\;C:\Program Files\Git\cmd;C:\Program Files\Java\jdk-20\bin;C:\Program Files\MySQL\MySQL Shell 8.0\bin\;C:\Users\Admin\AppData\Local\Microsoft\WindowsApps;C:\Users\Admin\AppData\Local\Programs\Microsoft VS Code\bin;C:\Users\Admin\AppData\Roaming\npm;C:\Program Files\Java\jdk-20\bin;;.]
21-Oct-2023 14:49:45.211 INFO [main] org.apache.coyote.AbstractProtocol.init Initializing ProtocolHandler ["http-nio-8080"]
21-Oct-2023 14:49:45.239 INFO [main] org.apache.catalina.startup.Catalina.load Server initialization in [888] milliseconds
21-Oct-2023 14:49:45.322 INFO [main] org.apache.catalina.core.StandardService.startInternal Starting service [Catalina]
21-Oct-2023 14:49:45.322 INFO [main] org.apache.catalina.core.StandardEngine.startInternal Starting Servlet engine: [Apache Tomcat/10.1.13]
21-Oct-2023 14:49:45.338 INFO [main] org.apache.catalina.startup.HostConfig.deployDescriptor Deploying deployment descriptor [C:\Users\Admin\IdeaProjects\JSP-Servlet-Currency-Converter\conf\Catalina\localhost\JSP-Servlet-Currency-Converter.xml]
21-Oct-2023 14:49:48.236 INFO [main] org.apache.jasper.servlet.TldScanner.scanJars At least one JAR was scanned for TLDs yet contained no TLDs. Enable debug logging for this logger for a complete list of JARs that were scanned but no TLDs were found in them. Skipping unneeded JARs during scanning can improve startup time and JSP compilation time.
21-Oct-2023 14:49:48.388 INFO [main] org.apache.catalina.startup.HostConfig.deployDescriptor Deployment of deployment descriptor [C:\Users\Admin\IdeaProjects\JSP-Servlet-Currency-Converter\conf\Catalina\localhost\JSP-Servlet-Currency-Converter.xml] has finished in [3,050] ms
21-Oct-2023 14:49:48.393 INFO [main] org.apache.coyote.AbstractProtocol.start Starting ProtocolHandler ["http-nio-8080"]
21-Oct-2023 14:49:48.467 INFO [main] org.apache.catalina.startup.Catalina.start Server startup in [3226] milliseconds
21-Oct-2023 14:50:08.948 INFO [Thread-1] org.apache.coyote.AbstractProtocol.pause Pausing ProtocolHandler ["http-nio-8080"]
21-Oct-2023 14:50:08.964 INFO [Thread-1] org.apache.catalina.core.StandardService.stopInternal Stopping service [Catalina]
21-Oct-2023 14:50:08.972 INFO [Thread-1] org.apache.coyote.AbstractProtocol.stop Stopping ProtocolHandler ["http-nio-8080"]
21-Oct-2023 14:50:08.977 INFO [Thread-1] org.apache.coyote.AbstractProtocol.destroy Destroying ProtocolHandler ["http-nio-8080"]
21-Oct-2023 14:50:13.231 INFO [main] org.apache.catalina.startup.VersionLoggerListener.log Server version name:   Apache Tomcat/10.1.13
21-Oct-2023 14:50:13.238 INFO [main] org.apache.catalina.startup.VersionLoggerListener.log Server built:          Aug 23 2023 21:34:59 UTC
21-Oct-2023 14:50:13.239 INFO [main] org.apache.catalina.startup.VersionLoggerListener.log Server version number: 10.1.13.0
21-Oct-2023 14:50:13.239 INFO [main] org.apache.catalina.startup.VersionLoggerListener.log OS Name:               Windows 11
21-Oct-2023 14:50:13.239 INFO [main] org.apache.catalina.startup.VersionLoggerListener.log OS Version:            10.0
21-Oct-2023 14:50:13.239 INFO [main] org.apache.catalina.startup.VersionLoggerListener.log Architecture:          amd64
21-Oct-2023 14:50:13.239 INFO [main] org.apache.catalina.startup.VersionLoggerListener.log Java Home:             C:\Users\Admin\.jdks\openjdk-20.0.2
21-Oct-2023 14:50:13.240 INFO [main] org.apache.catalina.startup.VersionLoggerListener.log JVM Version:           20.0.2+9-78
21-Oct-2023 14:50:13.240 INFO [main] org.apache.catalina.startup.VersionLoggerListener.log JVM Vendor:            Oracle Corporation
21-Oct-2023 14:50:13.240 INFO [main] org.apache.catalina.startup.VersionLoggerListener.log CATALINA_BASE:         C:\Users\Admin\IdeaProjects\JSP-Servlet-Currency-Converter
21-Oct-2023 14:50:13.240 INFO [main] org.apache.catalina.startup.VersionLoggerListener.log CATALINA_HOME:         C:\Program Files\Apache Software Foundation\Tomcat 10.1
21-Oct-2023 14:50:13.253 INFO [main] org.apache.catalina.startup.VersionLoggerListener.log Command line argument: --add-opens=java.base/java.lang=ALL-UNNAMED
21-Oct-2023 14:50:13.253 INFO [main] org.apache.catalina.startup.VersionLoggerListener.log Command line argument: --add-opens=java.base/java.io=ALL-UNNAMED
21-Oct-2023 14:50:13.253 INFO [main] org.apache.catalina.startup.VersionLoggerListener.log Command line argument: --add-opens=java.base/java.util=ALL-UNNAMED
21-Oct-2023 14:50:13.253 INFO [main] org.apache.catalina.startup.VersionLoggerListener.log Command line argument: --add-opens=java.base/java.util.concurrent=ALL-UNNAMED
21-Oct-2023 14:50:13.253 INFO [main] org.apache.catalina.startup.VersionLoggerListener.log Command line argument: --add-opens=java.rmi/sun.rmi.transport=ALL-UNNAMED
21-Oct-2023 14:50:13.253 INFO [main] org.apache.catalina.startup.VersionLoggerListener.log Command line argument: -Dcatalina.home=C:\Program Files\Apache Software Foundation\Tomcat 10.1
21-Oct-2023 14:50:13.254 INFO [main] org.apache.catalina.startup.VersionLoggerListener.log Command line argument: -Dcatalina.base=C:\Users\Admin\IdeaProjects\JSP-Servlet-Currency-Converter
21-Oct-2023 14:50:13.254 INFO [main] org.apache.catalina.startup.VersionLoggerListener.log Command line argument: -Djava.io.tmpdir=C:\Users\Admin\IdeaProjects\JSP-Servlet-Currency-Converter\temp
21-Oct-2023 14:50:13.254 INFO [main] org.apache.catalina.startup.VersionLoggerListener.log Command line argument: -Djava.util.logging.config.file=C:\Users\Admin\IdeaProjects\JSP-Servlet-Currency-Converter\conf\logging.properties
21-Oct-2023 14:50:13.254 INFO [main] org.apache.catalina.startup.VersionLoggerListener.log Command line argument: -Djava.util.logging.manager=org.apache.juli.ClassLoaderLogManager
21-Oct-2023 14:50:13.254 INFO [main] org.apache.catalina.startup.VersionLoggerListener.log Command line argument: -javaagent:C:\Program Files\JetBrains\IntelliJ IDEA Community Edition 2023.1.2\lib\idea_rt.jar=59273:C:\Program Files\JetBrains\IntelliJ IDEA Community Edition 2023.1.2\bin
21-Oct-2023 14:50:13.254 INFO [main] org.apache.catalina.startup.VersionLoggerListener.log Command line argument: -Dfile.encoding=UTF-8
21-Oct-2023 14:50:13.255 INFO [main] org.apache.catalina.startup.VersionLoggerListener.log Command line argument: -Dsun.stdout.encoding=UTF-8
21-Oct-2023 14:50:13.255 INFO [main] org.apache.catalina.startup.VersionLoggerListener.log Command line argument: -Dsun.stderr.encoding=UTF-8
21-Oct-2023 14:50:13.264 INFO [main] org.apache.catalina.core.AprLifecycleListener.lifecycleEvent The Apache Tomcat Native library which allows using OpenSSL was not found on the java.library.path: [C:\Users\Admin\.jdks\openjdk-20.0.2\bin;C:\WINDOWS\Sun\Java\bin;C:\WINDOWS\system32;C:\WINDOWS;C:\WINDOWS\system32;C:\WINDOWS;C:\WINDOWS\System32\Wbem;C:\WINDOWS\System32\WindowsPowerShell\v1.0\;C:\WINDOWS\System32\OpenSSH\;C:\Program Files\nodejs\;C:\Maven\bin\;C:\Program Files\Git\cmd;C:\Program Files\Java\jdk-20\bin;C:\Program Files\MySQL\MySQL Shell 8.0\bin\;C:\Users\Admin\AppData\Local\Microsoft\WindowsApps;C:\Users\Admin\AppData\Local\Programs\Microsoft VS Code\bin;C:\Users\Admin\AppData\Roaming\npm;C:\Program Files\Java\jdk-20\bin;;.]
21-Oct-2023 14:50:13.761 INFO [main] org.apache.coyote.AbstractProtocol.init Initializing ProtocolHandler ["http-nio-8080"]
21-Oct-2023 14:50:13.788 INFO [main] org.apache.catalina.startup.Catalina.load Server initialization in [855] milliseconds
21-Oct-2023 14:50:13.864 INFO [main] org.apache.catalina.core.StandardService.startInternal Starting service [Catalina]
21-Oct-2023 14:50:13.865 INFO [main] org.apache.catalina.core.StandardEngine.startInternal Starting Servlet engine: [Apache Tomcat/10.1.13]
21-Oct-2023 14:50:13.888 INFO [main] org.apache.catalina.startup.HostConfig.deployDescriptor Deploying deployment descriptor [C:\Users\Admin\IdeaProjects\JSP-Servlet-Currency-Converter\conf\Catalina\localhost\JSP-Servlet-Currency-Converter.xml]
21-Oct-2023 14:50:16.691 INFO [main] org.apache.jasper.servlet.TldScanner.scanJars At least one JAR was scanned for TLDs yet contained no TLDs. Enable debug logging for this logger for a complete list of JARs that were scanned but no TLDs were found in them. Skipping unneeded JARs during scanning can improve startup time and JSP compilation time.
21-Oct-2023 14:50:16.826 INFO [main] org.apache.catalina.startup.HostConfig.deployDescriptor Deployment of deployment descriptor [C:\Users\Admin\IdeaProjects\JSP-Servlet-Currency-Converter\conf\Catalina\localhost\JSP-Servlet-Currency-Converter.xml] has finished in [2,936] ms
21-Oct-2023 14:50:16.831 INFO [main] org.apache.coyote.AbstractProtocol.start Starting ProtocolHandler ["http-nio-8080"]
21-Oct-2023 14:50:16.906 INFO [main] org.apache.catalina.startup.Catalina.start Server startup in [3116] milliseconds
21-Oct-2023 14:52:26.630 INFO [Thread-1] org.apache.coyote.AbstractProtocol.pause Pausing ProtocolHandler ["http-nio-8080"]
21-Oct-2023 14:52:26.646 INFO [Thread-1] org.apache.catalina.core.StandardService.stopInternal Stopping service [Catalina]
21-Oct-2023 14:52:26.655 INFO [Thread-1] org.apache.coyote.AbstractProtocol.stop Stopping ProtocolHandler ["http-nio-8080"]
21-Oct-2023 14:52:26.659 INFO [Thread-1] org.apache.coyote.AbstractProtocol.destroy Destroying ProtocolHandler ["http-nio-8080"]
21-Oct-2023 14:52:30.405 INFO [main] org.apache.catalina.startup.VersionLoggerListener.log Server version name:   Apache Tomcat/10.1.13
21-Oct-2023 14:52:30.412 INFO [main] org.apache.catalina.startup.VersionLoggerListener.log Server built:          Aug 23 2023 21:34:59 UTC
21-Oct-2023 14:52:30.412 INFO [main] org.apache.catalina.startup.VersionLoggerListener.log Server version number: 10.1.13.0
21-Oct-2023 14:52:30.412 INFO [main] org.apache.catalina.startup.VersionLoggerListener.log OS Name:               Windows 11
21-Oct-2023 14:52:30.412 INFO [main] org.apache.catalina.startup.VersionLoggerListener.log OS Version:            10.0
21-Oct-2023 14:52:30.413 INFO [main] org.apache.catalina.startup.VersionLoggerListener.log Architecture:          amd64
21-Oct-2023 14:52:30.413 INFO [main] org.apache.catalina.startup.VersionLoggerListener.log Java Home:             C:\Users\Admin\.jdks\openjdk-20.0.2
21-Oct-2023 14:52:30.413 INFO [main] org.apache.catalina.startup.VersionLoggerListener.log JVM Version:           20.0.2+9-78
21-Oct-2023 14:52:30.413 INFO [main] org.apache.catalina.startup.VersionLoggerListener.log JVM Vendor:            Oracle Corporation
21-Oct-2023 14:52:30.413 INFO [main] org.apache.catalina.startup.VersionLoggerListener.log CATALINA_BASE:         C:\Users\Admin\IdeaProjects\JSP-Servlet-Currency-Converter
21-Oct-2023 14:52:30.413 INFO [main] org.apache.catalina.startup.VersionLoggerListener.log CATALINA_HOME:         C:\Program Files\Apache Software Foundation\Tomcat 10.1
21-Oct-2023 14:52:30.426 INFO [main] org.apache.catalina.startup.VersionLoggerListener.log Command line argument: --add-opens=java.base/java.lang=ALL-UNNAMED
21-Oct-2023 14:52:30.427 INFO [main] org.apache.catalina.startup.VersionLoggerListener.log Command line argument: --add-opens=java.base/java.io=ALL-UNNAMED
21-Oct-2023 14:52:30.427 INFO [main] org.apache.catalina.startup.VersionLoggerListener.log Command line argument: --add-opens=java.base/java.util=ALL-UNNAMED
21-Oct-2023 14:52:30.427 INFO [main] org.apache.catalina.startup.VersionLoggerListener.log Command line argument: --add-opens=java.base/java.util.concurrent=ALL-UNNAMED
21-Oct-2023 14:52:30.427 INFO [main] org.apache.catalina.startup.VersionLoggerListener.log Command line argument: --add-opens=java.rmi/sun.rmi.transport=ALL-UNNAMED
21-Oct-2023 14:52:30.427 INFO [main] org.apache.catalina.startup.VersionLoggerListener.log Command line argument: -Dcatalina.home=C:\Program Files\Apache Software Foundation\Tomcat 10.1
21-Oct-2023 14:52:30.427 INFO [main] org.apache.catalina.startup.VersionLoggerListener.log Command line argument: -Dcatalina.base=C:\Users\Admin\IdeaProjects\JSP-Servlet-Currency-Converter
21-Oct-2023 14:52:30.427 INFO [main] org.apache.catalina.startup.VersionLoggerListener.log Command line argument: -Djava.io.tmpdir=C:\Users\Admin\IdeaProjects\JSP-Servlet-Currency-Converter\temp
21-Oct-2023 14:52:30.427 INFO [main] org.apache.catalina.startup.VersionLoggerListener.log Command line argument: -Djava.util.logging.config.file=C:\Users\Admin\IdeaProjects\JSP-Servlet-Currency-Converter\conf\logging.properties
21-Oct-2023 14:52:30.427 INFO [main] org.apache.catalina.startup.VersionLoggerListener.log Command line argument: -Djava.util.logging.manager=org.apache.juli.ClassLoaderLogManager
21-Oct-2023 14:52:30.427 INFO [main] org.apache.catalina.startup.VersionLoggerListener.log Command line argument: -javaagent:C:\Program Files\JetBrains\IntelliJ IDEA Community Edition 2023.1.2\lib\idea_rt.jar=59291:C:\Program Files\JetBrains\IntelliJ IDEA Community Edition 2023.1.2\bin
21-Oct-2023 14:52:30.427 INFO [main] org.apache.catalina.startup.VersionLoggerListener.log Command line argument: -Dfile.encoding=UTF-8
21-Oct-2023 14:52:30.429 INFO [main] org.apache.catalina.startup.VersionLoggerListener.log Command line argument: -Dsun.stdout.encoding=UTF-8
21-Oct-2023 14:52:30.429 INFO [main] org.apache.catalina.startup.VersionLoggerListener.log Command line argument: -Dsun.stderr.encoding=UTF-8
21-Oct-2023 14:52:30.437 INFO [main] org.apache.catalina.core.AprLifecycleListener.lifecycleEvent The Apache Tomcat Native library which allows using OpenSSL was not found on the java.library.path: [C:\Users\Admin\.jdks\openjdk-20.0.2\bin;C:\WINDOWS\Sun\Java\bin;C:\WINDOWS\system32;C:\WINDOWS;C:\WINDOWS\system32;C:\WINDOWS;C:\WINDOWS\System32\Wbem;C:\WINDOWS\System32\WindowsPowerShell\v1.0\;C:\WINDOWS\System32\OpenSSH\;C:\Program Files\nodejs\;C:\Maven\bin\;C:\Program Files\Git\cmd;C:\Program Files\Java\jdk-20\bin;C:\Program Files\MySQL\MySQL Shell 8.0\bin\;C:\Users\Admin\AppData\Local\Microsoft\WindowsApps;C:\Users\Admin\AppData\Local\Programs\Microsoft VS Code\bin;C:\Users\Admin\AppData\Roaming\npm;C:\Program Files\Java\jdk-20\bin;;.]
21-Oct-2023 14:52:30.926 INFO [main] org.apache.coyote.AbstractProtocol.init Initializing ProtocolHandler ["http-nio-8080"]
21-Oct-2023 14:52:30.959 INFO [main] org.apache.catalina.startup.Catalina.load Server initialization in [825] milliseconds
21-Oct-2023 14:52:31.055 INFO [main] org.apache.catalina.core.StandardService.startInternal Starting service [Catalina]
21-Oct-2023 14:52:31.056 INFO [main] org.apache.catalina.core.StandardEngine.startInternal Starting Servlet engine: [Apache Tomcat/10.1.13]
21-Oct-2023 14:52:31.072 INFO [main] org.apache.catalina.startup.HostConfig.deployDescriptor Deploying deployment descriptor [C:\Users\Admin\IdeaProjects\JSP-Servlet-Currency-Converter\conf\Catalina\localhost\JSP-Servlet-Currency-Converter.xml]
21-Oct-2023 14:52:33.644 INFO [main] org.apache.jasper.servlet.TldScanner.scanJars At least one JAR was scanned for TLDs yet contained no TLDs. Enable debug logging for this logger for a complete list of JARs that were scanned but no TLDs were found in them. Skipping unneeded JARs during scanning can improve startup time and JSP compilation time.
21-Oct-2023 14:52:33.927 INFO [main] org.apache.catalina.startup.HostConfig.deployDescriptor Deployment of deployment descriptor [C:\Users\Admin\IdeaProjects\JSP-Servlet-Currency-Converter\conf\Catalina\localhost\JSP-Servlet-Currency-Converter.xml] has finished in [2,853] ms
21-Oct-2023 14:52:33.933 INFO [main] org.apache.coyote.AbstractProtocol.start Starting ProtocolHandler ["http-nio-8080"]
21-Oct-2023 14:52:34.071 INFO [main] org.apache.catalina.startup.Catalina.start Server startup in [3108] milliseconds
21-Oct-2023 15:04:45.808 INFO [Thread-1] org.apache.coyote.AbstractProtocol.pause Pausing ProtocolHandler ["http-nio-8080"]
21-Oct-2023 15:04:45.829 INFO [Thread-1] org.apache.catalina.core.StandardService.stopInternal Stopping service [Catalina]
21-Oct-2023 15:04:45.834 WARNING [Thread-1] org.apache.catalina.loader.WebappClassLoaderBase.clearReferencesJdbc The web application [JSP-Servlet-Currency-Converter] registered the JDBC driver [com.mysql.cj.jdbc.Driver] but failed to unregister it when the web application was stopped. To prevent a memory leak, the JDBC Driver has been forcibly unregistered.
21-Oct-2023 15:04:45.835 WARNING [Thread-1] org.apache.catalina.loader.WebappClassLoaderBase.clearReferencesThreads The web application [JSP-Servlet-Currency-Converter] appears to have started a thread named [OkHttp api.apilayer.com] but has failed to stop it. This is very likely to create a memory leak. Stack trace of thread:
 java.base/sun.nio.ch.Net.poll(Native Method)
 java.base/sun.nio.ch.NioSocketImpl.park(NioSocketImpl.java:191)
 java.base/sun.nio.ch.NioSocketImpl.park(NioSocketImpl.java:201)
 java.base/sun.nio.ch.NioSocketImpl.implRead(NioSocketImpl.java:309)
 java.base/sun.nio.ch.NioSocketImpl.read(NioSocketImpl.java:345)
 java.base/sun.nio.ch.NioSocketImpl$1.read(NioSocketImpl.java:794)
 java.base/java.net.Socket$SocketInputStream.read(Socket.java:1025)
 java.base/sun.security.ssl.SSLSocketInputRecord.read(SSLSocketInputRecord.java:483)
 java.base/sun.security.ssl.SSLSocketInputRecord.readHeader(SSLSocketInputRecord.java:477)
 java.base/sun.security.ssl.SSLSocketInputRecord.bytesInCompletePacket(SSLSocketInputRecord.java:70)
 java.base/sun.security.ssl.SSLSocketImpl.readApplicationRecord(SSLSocketImpl.java:1461)
 java.base/sun.security.ssl.SSLSocketImpl$AppInputStream.read(SSLSocketImpl.java:1066)
 okio.InputStreamSource.read(JvmOkio.kt:94)
 okio.AsyncTimeout$source$1.read(AsyncTimeout.kt:125)
 okio.RealBufferedSource.request(RealBufferedSource.kt:206)
 okio.RealBufferedSource.require(RealBufferedSource.kt:199)
 okhttp3.internal.http2.Http2Reader.nextFrame(Http2Reader.kt:89)
 okhttp3.internal.http2.Http2Connection$ReaderRunnable.invoke(Http2Connection.kt:618)
 okhttp3.internal.http2.Http2Connection$ReaderRunnable.invoke(Http2Connection.kt:609)
 okhttp3.internal.concurrent.TaskQueue$execute$1.runOnce(TaskQueue.kt:98)
 okhttp3.internal.concurrent.TaskRunner.runTask(TaskRunner.kt:116)
 okhttp3.internal.concurrent.TaskRunner.access$runTask(TaskRunner.kt:42)
 okhttp3.internal.concurrent.TaskRunner$runnable$1.run(TaskRunner.kt:65)
 java.base/java.util.concurrent.ThreadPoolExecutor.runWorker(ThreadPoolExecutor.java:1144)
 java.base/java.util.concurrent.ThreadPoolExecutor$Worker.run(ThreadPoolExecutor.java:642)
 java.base/java.lang.Thread.run(Thread.java:1623)
21-Oct-2023 15:04:45.836 WARNING [Thread-1] org.apache.catalina.loader.WebappClassLoaderBase.clearReferencesThreads The web application [JSP-Servlet-Currency-Converter] appears to have started a thread named [OkHttp api.apilayer.com] but has failed to stop it. This is very likely to create a memory leak. Stack trace of thread:
 java.base/sun.nio.ch.Net.poll(Native Method)
 java.base/sun.nio.ch.NioSocketImpl.park(NioSocketImpl.java:191)
 java.base/sun.nio.ch.NioSocketImpl.park(NioSocketImpl.java:201)
 java.base/sun.nio.ch.NioSocketImpl.implRead(NioSocketImpl.java:309)
 java.base/sun.nio.ch.NioSocketImpl.read(NioSocketImpl.java:345)
 java.base/sun.nio.ch.NioSocketImpl$1.read(NioSocketImpl.java:794)
 java.base/java.net.Socket$SocketInputStream.read(Socket.java:1025)
 java.base/sun.security.ssl.SSLSocketInputRecord.read(SSLSocketInputRecord.java:483)
 java.base/sun.security.ssl.SSLSocketInputRecord.readHeader(SSLSocketInputRecord.java:477)
 java.base/sun.security.ssl.SSLSocketInputRecord.bytesInCompletePacket(SSLSocketInputRecord.java:70)
 java.base/sun.security.ssl.SSLSocketImpl.readApplicationRecord(SSLSocketImpl.java:1461)
 java.base/sun.security.ssl.SSLSocketImpl$AppInputStream.read(SSLSocketImpl.java:1066)
 okio.InputStreamSource.read(JvmOkio.kt:94)
 okio.AsyncTimeout$source$1.read(AsyncTimeout.kt:125)
 okio.RealBufferedSource.request(RealBufferedSource.kt:206)
 okio.RealBufferedSource.require(RealBufferedSource.kt:199)
 okhttp3.internal.http2.Http2Reader.nextFrame(Http2Reader.kt:89)
 okhttp3.internal.http2.Http2Connection$ReaderRunnable.invoke(Http2Connection.kt:618)
 okhttp3.internal.http2.Http2Connection$ReaderRunnable.invoke(Http2Connection.kt:609)
 okhttp3.internal.concurrent.TaskQueue$execute$1.runOnce(TaskQueue.kt:98)
 okhttp3.internal.concurrent.TaskRunner.runTask(TaskRunner.kt:116)
 okhttp3.internal.concurrent.TaskRunner.access$runTask(TaskRunner.kt:42)
 okhttp3.internal.concurrent.TaskRunner$runnable$1.run(TaskRunner.kt:65)
 java.base/java.util.concurrent.ThreadPoolExecutor.runWorker(ThreadPoolExecutor.java:1144)
 java.base/java.util.concurrent.ThreadPoolExecutor$Worker.run(ThreadPoolExecutor.java:642)
 java.base/java.lang.Thread.run(Thread.java:1623)
21-Oct-2023 15:04:45.838 WARNING [Thread-1] org.apache.catalina.loader.WebappClassLoaderBase.clearReferencesThreads The web application [JSP-Servlet-Currency-Converter] appears to have started a thread named [OkHttp TaskRunner] but has failed to stop it. This is very likely to create a memory leak. Stack trace of thread:
 java.base/java.lang.Object.wait0(Native Method)
 java.base/java.lang.Object.wait(Object.java:366)
 java.base/java.lang.Object.wait(Object.java:488)
 okhttp3.internal.concurrent.TaskRunner$RealBackend.coordinatorWait(TaskRunner.kt:294)
 okhttp3.internal.concurrent.TaskRunner.awaitTaskToRun(TaskRunner.kt:218)
 okhttp3.internal.concurrent.TaskRunner$runnable$1.run(TaskRunner.kt:59)
 java.base/java.util.concurrent.ThreadPoolExecutor.runWorker(ThreadPoolExecutor.java:1144)
 java.base/java.util.concurrent.ThreadPoolExecutor$Worker.run(ThreadPoolExecutor.java:642)
 java.base/java.lang.Thread.run(Thread.java:1623)
21-Oct-2023 15:04:45.838 WARNING [Thread-1] org.apache.catalina.loader.WebappClassLoaderBase.clearReferencesThreads The web application [JSP-Servlet-Currency-Converter] appears to have started a thread named [mysql-cj-abandoned-connection-cleanup] but has failed to stop it. This is very likely to create a memory leak. Stack trace of thread:
 java.base/jdk.internal.misc.Unsafe.park(Native Method)
 java.base/java.util.concurrent.locks.LockSupport.parkNanos(LockSupport.java:269)
 java.base/java.util.concurrent.locks.AbstractQueuedSynchronizer$ConditionObject.await(AbstractQueuedSynchronizer.java:1847)
 java.base/java.lang.ref.ReferenceQueue.await(ReferenceQueue.java:71)
 java.base/java.lang.ref.ReferenceQueue.remove0(ReferenceQueue.java:143)
 java.base/java.lang.ref.ReferenceQueue.remove(ReferenceQueue.java:218)
 com.mysql.cj.jdbc.AbandonedConnectionCleanupThread.run(AbandonedConnectionCleanupThread.java:91)
 java.base/java.util.concurrent.ThreadPoolExecutor.runWorker(ThreadPoolExecutor.java:1144)
 java.base/java.util.concurrent.ThreadPoolExecutor$Worker.run(ThreadPoolExecutor.java:642)
 java.base/java.lang.Thread.run(Thread.java:1623)
21-Oct-2023 15:04:45.842 INFO [Thread-1] org.apache.coyote.AbstractProtocol.stop Stopping ProtocolHandler ["http-nio-8080"]
21-Oct-2023 15:04:45.854 INFO [Thread-1] org.apache.coyote.AbstractProtocol.destroy Destroying ProtocolHandler ["http-nio-8080"]
21-Oct-2023 15:04:48.904 INFO [main] org.apache.catalina.startup.VersionLoggerListener.log Server version name:   Apache Tomcat/10.1.13
21-Oct-2023 15:04:48.910 INFO [main] org.apache.catalina.startup.VersionLoggerListener.log Server built:          Aug 23 2023 21:34:59 UTC
21-Oct-2023 15:04:48.910 INFO [main] org.apache.catalina.startup.VersionLoggerListener.log Server version number: 10.1.13.0
21-Oct-2023 15:04:48.910 INFO [main] org.apache.catalina.startup.VersionLoggerListener.log OS Name:               Windows 11
21-Oct-2023 15:04:48.910 INFO [main] org.apache.catalina.startup.VersionLoggerListener.log OS Version:            10.0
21-Oct-2023 15:04:48.910 INFO [main] org.apache.catalina.startup.VersionLoggerListener.log Architecture:          amd64
21-Oct-2023 15:04:48.911 INFO [main] org.apache.catalina.startup.VersionLoggerListener.log Java Home:             C:\Users\Admin\.jdks\openjdk-20.0.2
21-Oct-2023 15:04:48.911 INFO [main] org.apache.catalina.startup.VersionLoggerListener.log JVM Version:           20.0.2+9-78
21-Oct-2023 15:04:48.911 INFO [main] org.apache.catalina.startup.VersionLoggerListener.log JVM Vendor:            Oracle Corporation
21-Oct-2023 15:04:48.911 INFO [main] org.apache.catalina.startup.VersionLoggerListener.log CATALINA_BASE:         C:\Users\Admin\IdeaProjects\JSP-Servlet-Currency-Converter
21-Oct-2023 15:04:48.911 INFO [main] org.apache.catalina.startup.VersionLoggerListener.log CATALINA_HOME:         C:\Program Files\Apache Software Foundation\Tomcat 10.1
21-Oct-2023 15:04:48.924 INFO [main] org.apache.catalina.startup.VersionLoggerListener.log Command line argument: --add-opens=java.base/java.lang=ALL-UNNAMED
21-Oct-2023 15:04:48.924 INFO [main] org.apache.catalina.startup.VersionLoggerListener.log Command line argument: --add-opens=java.base/java.io=ALL-UNNAMED
21-Oct-2023 15:04:48.925 INFO [main] org.apache.catalina.startup.VersionLoggerListener.log Command line argument: --add-opens=java.base/java.util=ALL-UNNAMED
21-Oct-2023 15:04:48.925 INFO [main] org.apache.catalina.startup.VersionLoggerListener.log Command line argument: --add-opens=java.base/java.util.concurrent=ALL-UNNAMED
21-Oct-2023 15:04:48.925 INFO [main] org.apache.catalina.startup.VersionLoggerListener.log Command line argument: --add-opens=java.rmi/sun.rmi.transport=ALL-UNNAMED
21-Oct-2023 15:04:48.925 INFO [main] org.apache.catalina.startup.VersionLoggerListener.log Command line argument: -Dcatalina.home=C:\Program Files\Apache Software Foundation\Tomcat 10.1
21-Oct-2023 15:04:48.925 INFO [main] org.apache.catalina.startup.VersionLoggerListener.log Command line argument: -Dcatalina.base=C:\Users\Admin\IdeaProjects\JSP-Servlet-Currency-Converter
21-Oct-2023 15:04:48.925 INFO [main] org.apache.catalina.startup.VersionLoggerListener.log Command line argument: -Djava.io.tmpdir=C:\Users\Admin\IdeaProjects\JSP-Servlet-Currency-Converter\temp
21-Oct-2023 15:04:48.926 INFO [main] org.apache.catalina.startup.VersionLoggerListener.log Command line argument: -Djava.util.logging.config.file=C:\Users\Admin\IdeaProjects\JSP-Servlet-Currency-Converter\conf\logging.properties
21-Oct-2023 15:04:48.926 INFO [main] org.apache.catalina.startup.VersionLoggerListener.log Command line argument: -Djava.util.logging.manager=org.apache.juli.ClassLoaderLogManager
21-Oct-2023 15:04:48.926 INFO [main] org.apache.catalina.startup.VersionLoggerListener.log Command line argument: -javaagent:C:\Program Files\JetBrains\IntelliJ IDEA Community Edition 2023.1.2\lib\idea_rt.jar=59364:C:\Program Files\JetBrains\IntelliJ IDEA Community Edition 2023.1.2\bin
21-Oct-2023 15:04:48.926 INFO [main] org.apache.catalina.startup.VersionLoggerListener.log Command line argument: -Dfile.encoding=UTF-8
21-Oct-2023 15:04:48.926 INFO [main] org.apache.catalina.startup.VersionLoggerListener.log Command line argument: -Dsun.stdout.encoding=UTF-8
21-Oct-2023 15:04:48.926 INFO [main] org.apache.catalina.startup.VersionLoggerListener.log Command line argument: -Dsun.stderr.encoding=UTF-8
21-Oct-2023 15:04:48.933 INFO [main] org.apache.catalina.core.AprLifecycleListener.lifecycleEvent The Apache Tomcat Native library which allows using OpenSSL was not found on the java.library.path: [C:\Users\Admin\.jdks\openjdk-20.0.2\bin;C:\WINDOWS\Sun\Java\bin;C:\WINDOWS\system32;C:\WINDOWS;C:\WINDOWS\system32;C:\WINDOWS;C:\WINDOWS\System32\Wbem;C:\WINDOWS\System32\WindowsPowerShell\v1.0\;C:\WINDOWS\System32\OpenSSH\;C:\Program Files\nodejs\;C:\Maven\bin\;C:\Program Files\Git\cmd;C:\Program Files\Java\jdk-20\bin;C:\Program Files\MySQL\MySQL Shell 8.0\bin\;C:\Users\Admin\AppData\Local\Microsoft\WindowsApps;C:\Users\Admin\AppData\Local\Programs\Microsoft VS Code\bin;C:\Users\Admin\AppData\Roaming\npm;C:\Program Files\Java\jdk-20\bin;;.]
21-Oct-2023 15:04:49.434 INFO [main] org.apache.coyote.AbstractProtocol.init Initializing ProtocolHandler ["http-nio-8080"]
21-Oct-2023 15:04:49.466 INFO [main] org.apache.catalina.startup.Catalina.load Server initialization in [838] milliseconds
21-Oct-2023 15:04:49.569 INFO [main] org.apache.catalina.core.StandardService.startInternal Starting service [Catalina]
21-Oct-2023 15:04:49.569 INFO [main] org.apache.catalina.core.StandardEngine.startInternal Starting Servlet engine: [Apache Tomcat/10.1.13]
21-Oct-2023 15:04:49.590 INFO [main] org.apache.catalina.startup.HostConfig.deployDescriptor Deploying deployment descriptor [C:\Users\Admin\IdeaProjects\JSP-Servlet-Currency-Converter\conf\Catalina\localhost\JSP-Servlet-Currency-Converter.xml]
21-Oct-2023 15:04:51.676 INFO [main] org.apache.jasper.servlet.TldScanner.scanJars At least one JAR was scanned for TLDs yet contained no TLDs. Enable debug logging for this logger for a complete list of JARs that were scanned but no TLDs were found in them. Skipping unneeded JARs during scanning can improve startup time and JSP compilation time.
21-Oct-2023 15:04:51.810 INFO [main] org.apache.catalina.startup.HostConfig.deployDescriptor Deployment of deployment descriptor [C:\Users\Admin\IdeaProjects\JSP-Servlet-Currency-Converter\conf\Catalina\localhost\JSP-Servlet-Currency-Converter.xml] has finished in [2,219] ms
21-Oct-2023 15:04:51.817 INFO [main] org.apache.coyote.AbstractProtocol.start Starting ProtocolHandler ["http-nio-8080"]
21-Oct-2023 15:04:51.881 INFO [main] org.apache.catalina.startup.Catalina.start Server startup in [2413] milliseconds
21-Oct-2023 15:08:03.982 INFO [Thread-1] org.apache.coyote.AbstractProtocol.pause Pausing ProtocolHandler ["http-nio-8080"]
21-Oct-2023 15:08:03.998 INFO [Thread-1] org.apache.catalina.core.StandardService.stopInternal Stopping service [Catalina]
21-Oct-2023 15:08:04.009 INFO [Thread-1] org.apache.coyote.AbstractProtocol.stop Stopping ProtocolHandler ["http-nio-8080"]
21-Oct-2023 15:08:04.035 INFO [Thread-1] org.apache.coyote.AbstractProtocol.destroy Destroying ProtocolHandler ["http-nio-8080"]
21-Oct-2023 15:08:07.291 INFO [main] org.apache.catalina.startup.VersionLoggerListener.log Server version name:   Apache Tomcat/10.1.13
21-Oct-2023 15:08:07.296 INFO [main] org.apache.catalina.startup.VersionLoggerListener.log Server built:          Aug 23 2023 21:34:59 UTC
21-Oct-2023 15:08:07.296 INFO [main] org.apache.catalina.startup.VersionLoggerListener.log Server version number: 10.1.13.0
21-Oct-2023 15:08:07.296 INFO [main] org.apache.catalina.startup.VersionLoggerListener.log OS Name:               Windows 11
21-Oct-2023 15:08:07.296 INFO [main] org.apache.catalina.startup.VersionLoggerListener.log OS Version:            10.0
21-Oct-2023 15:08:07.296 INFO [main] org.apache.catalina.startup.VersionLoggerListener.log Architecture:          amd64
21-Oct-2023 15:08:07.296 INFO [main] org.apache.catalina.startup.VersionLoggerListener.log Java Home:             C:\Users\Admin\.jdks\openjdk-20.0.2
21-Oct-2023 15:08:07.296 INFO [main] org.apache.catalina.startup.VersionLoggerListener.log JVM Version:           20.0.2+9-78
21-Oct-2023 15:08:07.297 INFO [main] org.apache.catalina.startup.VersionLoggerListener.log JVM Vendor:            Oracle Corporation
21-Oct-2023 15:08:07.297 INFO [main] org.apache.catalina.startup.VersionLoggerListener.log CATALINA_BASE:         C:\Users\Admin\IdeaProjects\JSP-Servlet-Currency-Converter
21-Oct-2023 15:08:07.297 INFO [main] org.apache.catalina.startup.VersionLoggerListener.log CATALINA_HOME:         C:\Program Files\Apache Software Foundation\Tomcat 10.1
21-Oct-2023 15:08:07.309 INFO [main] org.apache.catalina.startup.VersionLoggerListener.log Command line argument: --add-opens=java.base/java.lang=ALL-UNNAMED
21-Oct-2023 15:08:07.309 INFO [main] org.apache.catalina.startup.VersionLoggerListener.log Command line argument: --add-opens=java.base/java.io=ALL-UNNAMED
21-Oct-2023 15:08:07.310 INFO [main] org.apache.catalina.startup.VersionLoggerListener.log Command line argument: --add-opens=java.base/java.util=ALL-UNNAMED
21-Oct-2023 15:08:07.310 INFO [main] org.apache.catalina.startup.VersionLoggerListener.log Command line argument: --add-opens=java.base/java.util.concurrent=ALL-UNNAMED
21-Oct-2023 15:08:07.310 INFO [main] org.apache.catalina.startup.VersionLoggerListener.log Command line argument: --add-opens=java.rmi/sun.rmi.transport=ALL-UNNAMED
21-Oct-2023 15:08:07.310 INFO [main] org.apache.catalina.startup.VersionLoggerListener.log Command line argument: -Dcatalina.home=C:\Program Files\Apache Software Foundation\Tomcat 10.1
21-Oct-2023 15:08:07.310 INFO [main] org.apache.catalina.startup.VersionLoggerListener.log Command line argument: -Dcatalina.base=C:\Users\Admin\IdeaProjects\JSP-Servlet-Currency-Converter
21-Oct-2023 15:08:07.311 INFO [main] org.apache.catalina.startup.VersionLoggerListener.log Command line argument: -Djava.io.tmpdir=C:\Users\Admin\IdeaProjects\JSP-Servlet-Currency-Converter\temp
21-Oct-2023 15:08:07.311 INFO [main] org.apache.catalina.startup.VersionLoggerListener.log Command line argument: -Djava.util.logging.config.file=C:\Users\Admin\IdeaProjects\JSP-Servlet-Currency-Converter\conf\logging.properties
21-Oct-2023 15:08:07.311 INFO [main] org.apache.catalina.startup.VersionLoggerListener.log Command line argument: -Djava.util.logging.manager=org.apache.juli.ClassLoaderLogManager
21-Oct-2023 15:08:07.311 INFO [main] org.apache.catalina.startup.VersionLoggerListener.log Command line argument: -javaagent:C:\Program Files\JetBrains\IntelliJ IDEA Community Edition 2023.1.2\lib\idea_rt.jar=59408:C:\Program Files\JetBrains\IntelliJ IDEA Community Edition 2023.1.2\bin
21-Oct-2023 15:08:07.311 INFO [main] org.apache.catalina.startup.VersionLoggerListener.log Command line argument: -Dfile.encoding=UTF-8
21-Oct-2023 15:08:07.311 INFO [main] org.apache.catalina.startup.VersionLoggerListener.log Command line argument: -Dsun.stdout.encoding=UTF-8
21-Oct-2023 15:08:07.311 INFO [main] org.apache.catalina.startup.VersionLoggerListener.log Command line argument: -Dsun.stderr.encoding=UTF-8
21-Oct-2023 15:08:07.318 INFO [main] org.apache.catalina.core.AprLifecycleListener.lifecycleEvent The Apache Tomcat Native library which allows using OpenSSL was not found on the java.library.path: [C:\Users\Admin\.jdks\openjdk-20.0.2\bin;C:\WINDOWS\Sun\Java\bin;C:\WINDOWS\system32;C:\WINDOWS;C:\WINDOWS\system32;C:\WINDOWS;C:\WINDOWS\System32\Wbem;C:\WINDOWS\System32\WindowsPowerShell\v1.0\;C:\WINDOWS\System32\OpenSSH\;C:\Program Files\nodejs\;C:\Maven\bin\;C:\Program Files\Git\cmd;C:\Program Files\Java\jdk-20\bin;C:\Program Files\MySQL\MySQL Shell 8.0\bin\;C:\Users\Admin\AppData\Local\Microsoft\WindowsApps;C:\Users\Admin\AppData\Local\Programs\Microsoft VS Code\bin;C:\Users\Admin\AppData\Roaming\npm;C:\Program Files\Java\jdk-20\bin;;.]
21-Oct-2023 15:08:07.788 INFO [main] org.apache.coyote.AbstractProtocol.init Initializing ProtocolHandler ["http-nio-8080"]
21-Oct-2023 15:08:07.815 INFO [main] org.apache.catalina.startup.Catalina.load Server initialization in [808] milliseconds
21-Oct-2023 15:08:07.887 INFO [main] org.apache.catalina.core.StandardService.startInternal Starting service [Catalina]
21-Oct-2023 15:08:07.887 INFO [main] org.apache.catalina.core.StandardEngine.startInternal Starting Servlet engine: [Apache Tomcat/10.1.13]
21-Oct-2023 15:08:07.909 INFO [main] org.apache.catalina.startup.HostConfig.deployDescriptor Deploying deployment descriptor [C:\Users\Admin\IdeaProjects\JSP-Servlet-Currency-Converter\conf\Catalina\localhost\JSP-Servlet-Currency-Converter.xml]
21-Oct-2023 15:08:10.756 INFO [main] org.apache.jasper.servlet.TldScanner.scanJars At least one JAR was scanned for TLDs yet contained no TLDs. Enable debug logging for this logger for a complete list of JARs that were scanned but no TLDs were found in them. Skipping unneeded JARs during scanning can improve startup time and JSP compilation time.
21-Oct-2023 15:08:10.898 INFO [main] org.apache.catalina.startup.HostConfig.deployDescriptor Deployment of deployment descriptor [C:\Users\Admin\IdeaProjects\JSP-Servlet-Currency-Converter\conf\Catalina\localhost\JSP-Servlet-Currency-Converter.xml] has finished in [2,989] ms
21-Oct-2023 15:08:10.904 INFO [main] org.apache.coyote.AbstractProtocol.start Starting ProtocolHandler ["http-nio-8080"]
21-Oct-2023 15:08:10.970 INFO [main] org.apache.catalina.startup.Catalina.start Server startup in [3153] milliseconds
21-Oct-2023 15:09:23.613 INFO [Thread-1] org.apache.coyote.AbstractProtocol.pause Pausing ProtocolHandler ["http-nio-8080"]
21-Oct-2023 15:09:23.634 INFO [Thread-1] org.apache.catalina.core.StandardService.stopInternal Stopping service [Catalina]
21-Oct-2023 15:09:23.646 INFO [Thread-1] org.apache.coyote.AbstractProtocol.stop Stopping ProtocolHandler ["http-nio-8080"]
21-Oct-2023 15:09:23.651 INFO [Thread-1] org.apache.coyote.AbstractProtocol.destroy Destroying ProtocolHandler ["http-nio-8080"]
21-Oct-2023 15:09:25.778 INFO [main] org.apache.catalina.startup.VersionLoggerListener.log Server version name:   Apache Tomcat/10.1.13
21-Oct-2023 15:09:25.786 INFO [main] org.apache.catalina.startup.VersionLoggerListener.log Server built:          Aug 23 2023 21:34:59 UTC
21-Oct-2023 15:09:25.786 INFO [main] org.apache.catalina.startup.VersionLoggerListener.log Server version number: 10.1.13.0
21-Oct-2023 15:09:25.787 INFO [main] org.apache.catalina.startup.VersionLoggerListener.log OS Name:               Windows 11
21-Oct-2023 15:09:25.787 INFO [main] org.apache.catalina.startup.VersionLoggerListener.log OS Version:            10.0
21-Oct-2023 15:09:25.787 INFO [main] org.apache.catalina.startup.VersionLoggerListener.log Architecture:          amd64
21-Oct-2023 15:09:25.788 INFO [main] org.apache.catalina.startup.VersionLoggerListener.log Java Home:             C:\Users\Admin\.jdks\openjdk-20.0.2
21-Oct-2023 15:09:25.788 INFO [main] org.apache.catalina.startup.VersionLoggerListener.log JVM Version:           20.0.2+9-78
21-Oct-2023 15:09:25.788 INFO [main] org.apache.catalina.startup.VersionLoggerListener.log JVM Vendor:            Oracle Corporation
21-Oct-2023 15:09:25.789 INFO [main] org.apache.catalina.startup.VersionLoggerListener.log CATALINA_BASE:         C:\Users\Admin\IdeaProjects\JSP-Servlet-Currency-Converter
21-Oct-2023 15:09:25.789 INFO [main] org.apache.catalina.startup.VersionLoggerListener.log CATALINA_HOME:         C:\Program Files\Apache Software Foundation\Tomcat 10.1
21-Oct-2023 15:09:25.804 INFO [main] org.apache.catalina.startup.VersionLoggerListener.log Command line argument: --add-opens=java.base/java.lang=ALL-UNNAMED
21-Oct-2023 15:09:25.804 INFO [main] org.apache.catalina.startup.VersionLoggerListener.log Command line argument: --add-opens=java.base/java.io=ALL-UNNAMED
21-Oct-2023 15:09:25.804 INFO [main] org.apache.catalina.startup.VersionLoggerListener.log Command line argument: --add-opens=java.base/java.util=ALL-UNNAMED
21-Oct-2023 15:09:25.804 INFO [main] org.apache.catalina.startup.VersionLoggerListener.log Command line argument: --add-opens=java.base/java.util.concurrent=ALL-UNNAMED
21-Oct-2023 15:09:25.804 INFO [main] org.apache.catalina.startup.VersionLoggerListener.log Command line argument: --add-opens=java.rmi/sun.rmi.transport=ALL-UNNAMED
21-Oct-2023 15:09:25.804 INFO [main] org.apache.catalina.startup.VersionLoggerListener.log Command line argument: -Dcatalina.home=C:\Program Files\Apache Software Foundation\Tomcat 10.1
21-Oct-2023 15:09:25.805 INFO [main] org.apache.catalina.startup.VersionLoggerListener.log Command line argument: -Dcatalina.base=C:\Users\Admin\IdeaProjects\JSP-Servlet-Currency-Converter
21-Oct-2023 15:09:25.805 INFO [main] org.apache.catalina.startup.VersionLoggerListener.log Command line argument: -Djava.io.tmpdir=C:\Users\Admin\IdeaProjects\JSP-Servlet-Currency-Converter\temp
21-Oct-2023 15:09:25.805 INFO [main] org.apache.catalina.startup.VersionLoggerListener.log Command line argument: -Djava.util.logging.config.file=C:\Users\Admin\IdeaProjects\JSP-Servlet-Currency-Converter\conf\logging.properties
21-Oct-2023 15:09:25.805 INFO [main] org.apache.catalina.startup.VersionLoggerListener.log Command line argument: -Djava.util.logging.manager=org.apache.juli.ClassLoaderLogManager
21-Oct-2023 15:09:25.805 INFO [main] org.apache.catalina.startup.VersionLoggerListener.log Command line argument: -javaagent:C:\Program Files\JetBrains\IntelliJ IDEA Community Edition 2023.1.2\lib\idea_rt.jar=59423:C:\Program Files\JetBrains\IntelliJ IDEA Community Edition 2023.1.2\bin
21-Oct-2023 15:09:25.805 INFO [main] org.apache.catalina.startup.VersionLoggerListener.log Command line argument: -Dfile.encoding=UTF-8
21-Oct-2023 15:09:25.805 INFO [main] org.apache.catalina.startup.VersionLoggerListener.log Command line argument: -Dsun.stdout.encoding=UTF-8
21-Oct-2023 15:09:25.805 INFO [main] org.apache.catalina.startup.VersionLoggerListener.log Command line argument: -Dsun.stderr.encoding=UTF-8
21-Oct-2023 15:09:25.813 INFO [main] org.apache.catalina.core.AprLifecycleListener.lifecycleEvent The Apache Tomcat Native library which allows using OpenSSL was not found on the java.library.path: [C:\Users\Admin\.jdks\openjdk-20.0.2\bin;C:\WINDOWS\Sun\Java\bin;C:\WINDOWS\system32;C:\WINDOWS;C:\WINDOWS\system32;C:\WINDOWS;C:\WINDOWS\System32\Wbem;C:\WINDOWS\System32\WindowsPowerShell\v1.0\;C:\WINDOWS\System32\OpenSSH\;C:\Program Files\nodejs\;C:\Maven\bin\;C:\Program Files\Git\cmd;C:\Program Files\Java\jdk-20\bin;C:\Program Files\MySQL\MySQL Shell 8.0\bin\;C:\Users\Admin\AppData\Local\Microsoft\WindowsApps;C:\Users\Admin\AppData\Local\Programs\Microsoft VS Code\bin;C:\Users\Admin\AppData\Roaming\npm;C:\Program Files\Java\jdk-20\bin;;.]
21-Oct-2023 15:09:26.318 INFO [main] org.apache.coyote.AbstractProtocol.init Initializing ProtocolHandler ["http-nio-8080"]
21-Oct-2023 15:09:26.343 INFO [main] org.apache.catalina.startup.Catalina.load Server initialization in [896] milliseconds
21-Oct-2023 15:09:26.420 INFO [main] org.apache.catalina.core.StandardService.startInternal Starting service [Catalina]
21-Oct-2023 15:09:26.420 INFO [main] org.apache.catalina.core.StandardEngine.startInternal Starting Servlet engine: [Apache Tomcat/10.1.13]
21-Oct-2023 15:09:26.438 INFO [main] org.apache.catalina.startup.HostConfig.deployDescriptor Deploying deployment descriptor [C:\Users\Admin\IdeaProjects\JSP-Servlet-Currency-Converter\conf\Catalina\localhost\JSP-Servlet-Currency-Converter.xml]
21-Oct-2023 15:09:28.469 INFO [main] org.apache.jasper.servlet.TldScanner.scanJars At least one JAR was scanned for TLDs yet contained no TLDs. Enable debug logging for this logger for a complete list of JARs that were scanned but no TLDs were found in them. Skipping unneeded JARs during scanning can improve startup time and JSP compilation time.
21-Oct-2023 15:09:28.642 INFO [main] org.apache.catalina.startup.HostConfig.deployDescriptor Deployment of deployment descriptor [C:\Users\Admin\IdeaProjects\JSP-Servlet-Currency-Converter\conf\Catalina\localhost\JSP-Servlet-Currency-Converter.xml] has finished in [2,202] ms
21-Oct-2023 15:09:28.651 INFO [main] org.apache.coyote.AbstractProtocol.start Starting ProtocolHandler ["http-nio-8080"]
21-Oct-2023 15:09:28.740 INFO [main] org.apache.catalina.startup.Catalina.start Server startup in [2395] milliseconds
21-Oct-2023 15:20:31.257 INFO [Thread-1] org.apache.coyote.AbstractProtocol.pause Pausing ProtocolHandler ["http-nio-8080"]
21-Oct-2023 15:20:31.275 INFO [Thread-1] org.apache.catalina.core.StandardService.stopInternal Stopping service [Catalina]
21-Oct-2023 15:20:31.293 INFO [Thread-1] org.apache.coyote.AbstractProtocol.stop Stopping ProtocolHandler ["http-nio-8080"]
21-Oct-2023 15:20:31.303 INFO [Thread-1] org.apache.coyote.AbstractProtocol.destroy Destroying ProtocolHandler ["http-nio-8080"]
21-Oct-2023 15:20:33.705 INFO [main] org.apache.catalina.startup.VersionLoggerListener.log Server version name:   Apache Tomcat/10.1.13
21-Oct-2023 15:20:33.710 INFO [main] org.apache.catalina.startup.VersionLoggerListener.log Server built:          Aug 23 2023 21:34:59 UTC
21-Oct-2023 15:20:33.710 INFO [main] org.apache.catalina.startup.VersionLoggerListener.log Server version number: 10.1.13.0
21-Oct-2023 15:20:33.710 INFO [main] org.apache.catalina.startup.VersionLoggerListener.log OS Name:               Windows 11
21-Oct-2023 15:20:33.711 INFO [main] org.apache.catalina.startup.VersionLoggerListener.log OS Version:            10.0
21-Oct-2023 15:20:33.711 INFO [main] org.apache.catalina.startup.VersionLoggerListener.log Architecture:          amd64
21-Oct-2023 15:20:33.711 INFO [main] org.apache.catalina.startup.VersionLoggerListener.log Java Home:             C:\Users\Admin\.jdks\openjdk-20.0.2
21-Oct-2023 15:20:33.711 INFO [main] org.apache.catalina.startup.VersionLoggerListener.log JVM Version:           20.0.2+9-78
21-Oct-2023 15:20:33.711 INFO [main] org.apache.catalina.startup.VersionLoggerListener.log JVM Vendor:            Oracle Corporation
21-Oct-2023 15:20:33.711 INFO [main] org.apache.catalina.startup.VersionLoggerListener.log CATALINA_BASE:         C:\Users\Admin\IdeaProjects\JSP-Servlet-Currency-Converter
21-Oct-2023 15:20:33.711 INFO [main] org.apache.catalina.startup.VersionLoggerListener.log CATALINA_HOME:         C:\Program Files\Apache Software Foundation\Tomcat 10.1
21-Oct-2023 15:20:33.722 INFO [main] org.apache.catalina.startup.VersionLoggerListener.log Command line argument: --add-opens=java.base/java.lang=ALL-UNNAMED
21-Oct-2023 15:20:33.723 INFO [main] org.apache.catalina.startup.VersionLoggerListener.log Command line argument: --add-opens=java.base/java.io=ALL-UNNAMED
21-Oct-2023 15:20:33.723 INFO [main] org.apache.catalina.startup.VersionLoggerListener.log Command line argument: --add-opens=java.base/java.util=ALL-UNNAMED
21-Oct-2023 15:20:33.723 INFO [main] org.apache.catalina.startup.VersionLoggerListener.log Command line argument: --add-opens=java.base/java.util.concurrent=ALL-UNNAMED
21-Oct-2023 15:20:33.723 INFO [main] org.apache.catalina.startup.VersionLoggerListener.log Command line argument: --add-opens=java.rmi/sun.rmi.transport=ALL-UNNAMED
21-Oct-2023 15:20:33.723 INFO [main] org.apache.catalina.startup.VersionLoggerListener.log Command line argument: -Dcatalina.home=C:\Program Files\Apache Software Foundation\Tomcat 10.1
21-Oct-2023 15:20:33.724 INFO [main] org.apache.catalina.startup.VersionLoggerListener.log Command line argument: -Dcatalina.base=C:\Users\Admin\IdeaProjects\JSP-Servlet-Currency-Converter
21-Oct-2023 15:20:33.724 INFO [main] org.apache.catalina.startup.VersionLoggerListener.log Command line argument: -Djava.io.tmpdir=C:\Users\Admin\IdeaProjects\JSP-Servlet-Currency-Converter\temp
21-Oct-2023 15:20:33.724 INFO [main] org.apache.catalina.startup.VersionLoggerListener.log Command line argument: -Djava.util.logging.config.file=C:\Users\Admin\IdeaProjects\JSP-Servlet-Currency-Converter\conf\logging.properties
21-Oct-2023 15:20:33.725 INFO [main] org.apache.catalina.startup.VersionLoggerListener.log Command line argument: -Djava.util.logging.manager=org.apache.juli.ClassLoaderLogManager
21-Oct-2023 15:20:33.725 INFO [main] org.apache.catalina.startup.VersionLoggerListener.log Command line argument: -javaagent:C:\Program Files\JetBrains\IntelliJ IDEA Community Edition 2023.1.2\lib\idea_rt.jar=59526:C:\Program Files\JetBrains\IntelliJ IDEA Community Edition 2023.1.2\bin
21-Oct-2023 15:20:33.725 INFO [main] org.apache.catalina.startup.VersionLoggerListener.log Command line argument: -Dfile.encoding=UTF-8
21-Oct-2023 15:20:33.725 INFO [main] org.apache.catalina.startup.VersionLoggerListener.log Command line argument: -Dsun.stdout.encoding=UTF-8
21-Oct-2023 15:20:33.725 INFO [main] org.apache.catalina.startup.VersionLoggerListener.log Command line argument: -Dsun.stderr.encoding=UTF-8
21-Oct-2023 15:20:33.733 INFO [main] org.apache.catalina.core.AprLifecycleListener.lifecycleEvent The Apache Tomcat Native library which allows using OpenSSL was not found on the java.library.path: [C:\Users\Admin\.jdks\openjdk-20.0.2\bin;C:\WINDOWS\Sun\Java\bin;C:\WINDOWS\system32;C:\WINDOWS;C:\WINDOWS\system32;C:\WINDOWS;C:\WINDOWS\System32\Wbem;C:\WINDOWS\System32\WindowsPowerShell\v1.0\;C:\WINDOWS\System32\OpenSSH\;C:\Program Files\nodejs\;C:\Maven\bin\;C:\Program Files\Git\cmd;C:\Program Files\Java\jdk-20\bin;C:\Program Files\MySQL\MySQL Shell 8.0\bin\;C:\Users\Admin\AppData\Local\Microsoft\WindowsApps;C:\Users\Admin\AppData\Local\Programs\Microsoft VS Code\bin;C:\Users\Admin\AppData\Roaming\npm;C:\Program Files\Java\jdk-20\bin;;.]
21-Oct-2023 15:20:34.236 INFO [main] org.apache.coyote.AbstractProtocol.init Initializing ProtocolHandler ["http-nio-8080"]
21-Oct-2023 15:20:34.263 INFO [main] org.apache.catalina.startup.Catalina.load Server initialization in [892] milliseconds
21-Oct-2023 15:20:34.335 INFO [main] org.apache.catalina.core.StandardService.startInternal Starting service [Catalina]
21-Oct-2023 15:20:34.335 INFO [main] org.apache.catalina.core.StandardEngine.startInternal Starting Servlet engine: [Apache Tomcat/10.1.13]
21-Oct-2023 15:20:34.351 INFO [main] org.apache.catalina.startup.HostConfig.deployDescriptor Deploying deployment descriptor [C:\Users\Admin\IdeaProjects\JSP-Servlet-Currency-Converter\conf\Catalina\localhost\JSP-Servlet-Currency-Converter.xml]
21-Oct-2023 15:20:36.396 INFO [main] org.apache.jasper.servlet.TldScanner.scanJars At least one JAR was scanned for TLDs yet contained no TLDs. Enable debug logging for this logger for a complete list of JARs that were scanned but no TLDs were found in them. Skipping unneeded JARs during scanning can improve startup time and JSP compilation time.
21-Oct-2023 15:20:36.555 INFO [main] org.apache.catalina.startup.HostConfig.deployDescriptor Deployment of deployment descriptor [C:\Users\Admin\IdeaProjects\JSP-Servlet-Currency-Converter\conf\Catalina\localhost\JSP-Servlet-Currency-Converter.xml] has finished in [2,201] ms
21-Oct-2023 15:20:36.560 INFO [main] org.apache.coyote.AbstractProtocol.start Starting ProtocolHandler ["http-nio-8080"]
21-Oct-2023 15:20:36.639 INFO [main] org.apache.catalina.startup.Catalina.start Server startup in [2373] milliseconds
21-Oct-2023 15:21:11.564 INFO [Thread-1] org.apache.coyote.AbstractProtocol.pause Pausing ProtocolHandler ["http-nio-8080"]
21-Oct-2023 15:21:11.580 INFO [Thread-1] org.apache.catalina.core.StandardService.stopInternal Stopping service [Catalina]
21-Oct-2023 15:21:11.589 INFO [Thread-1] org.apache.coyote.AbstractProtocol.stop Stopping ProtocolHandler ["http-nio-8080"]
21-Oct-2023 15:21:11.592 INFO [Thread-1] org.apache.coyote.AbstractProtocol.destroy Destroying ProtocolHandler ["http-nio-8080"]
21-Oct-2023 15:21:13.675 INFO [main] org.apache.catalina.startup.VersionLoggerListener.log Server version name:   Apache Tomcat/10.1.13
21-Oct-2023 15:21:13.680 INFO [main] org.apache.catalina.startup.VersionLoggerListener.log Server built:          Aug 23 2023 21:34:59 UTC
21-Oct-2023 15:21:13.680 INFO [main] org.apache.catalina.startup.VersionLoggerListener.log Server version number: 10.1.13.0
21-Oct-2023 15:21:13.681 INFO [main] org.apache.catalina.startup.VersionLoggerListener.log OS Name:               Windows 11
21-Oct-2023 15:21:13.681 INFO [main] org.apache.catalina.startup.VersionLoggerListener.log OS Version:            10.0
21-Oct-2023 15:21:13.681 INFO [main] org.apache.catalina.startup.VersionLoggerListener.log Architecture:          amd64
21-Oct-2023 15:21:13.681 INFO [main] org.apache.catalina.startup.VersionLoggerListener.log Java Home:             C:\Users\Admin\.jdks\openjdk-20.0.2
21-Oct-2023 15:21:13.682 INFO [main] org.apache.catalina.startup.VersionLoggerListener.log JVM Version:           20.0.2+9-78
21-Oct-2023 15:21:13.682 INFO [main] org.apache.catalina.startup.VersionLoggerListener.log JVM Vendor:            Oracle Corporation
21-Oct-2023 15:21:13.682 INFO [main] org.apache.catalina.startup.VersionLoggerListener.log CATALINA_BASE:         C:\Users\Admin\IdeaProjects\JSP-Servlet-Currency-Converter
21-Oct-2023 15:21:13.682 INFO [main] org.apache.catalina.startup.VersionLoggerListener.log CATALINA_HOME:         C:\Program Files\Apache Software Foundation\Tomcat 10.1
21-Oct-2023 15:21:13.693 INFO [main] org.apache.catalina.startup.VersionLoggerListener.log Command line argument: --add-opens=java.base/java.lang=ALL-UNNAMED
21-Oct-2023 15:21:13.694 INFO [main] org.apache.catalina.startup.VersionLoggerListener.log Command line argument: --add-opens=java.base/java.io=ALL-UNNAMED
21-Oct-2023 15:21:13.694 INFO [main] org.apache.catalina.startup.VersionLoggerListener.log Command line argument: --add-opens=java.base/java.util=ALL-UNNAMED
21-Oct-2023 15:21:13.694 INFO [main] org.apache.catalina.startup.VersionLoggerListener.log Command line argument: --add-opens=java.base/java.util.concurrent=ALL-UNNAMED
21-Oct-2023 15:21:13.694 INFO [main] org.apache.catalina.startup.VersionLoggerListener.log Command line argument: --add-opens=java.rmi/sun.rmi.transport=ALL-UNNAMED
21-Oct-2023 15:21:13.694 INFO [main] org.apache.catalina.startup.VersionLoggerListener.log Command line argument: -Dcatalina.home=C:\Program Files\Apache Software Foundation\Tomcat 10.1
21-Oct-2023 15:21:13.695 INFO [main] org.apache.catalina.startup.VersionLoggerListener.log Command line argument: -Dcatalina.base=C:\Users\Admin\IdeaProjects\JSP-Servlet-Currency-Converter
21-Oct-2023 15:21:13.695 INFO [main] org.apache.catalina.startup.VersionLoggerListener.log Command line argument: -Djava.io.tmpdir=C:\Users\Admin\IdeaProjects\JSP-Servlet-Currency-Converter\temp
21-Oct-2023 15:21:13.695 INFO [main] org.apache.catalina.startup.VersionLoggerListener.log Command line argument: -Djava.util.logging.config.file=C:\Users\Admin\IdeaProjects\JSP-Servlet-Currency-Converter\conf\logging.properties
21-Oct-2023 15:21:13.695 INFO [main] org.apache.catalina.startup.VersionLoggerListener.log Command line argument: -Djava.util.logging.manager=org.apache.juli.ClassLoaderLogManager
21-Oct-2023 15:21:13.695 INFO [main] org.apache.catalina.startup.VersionLoggerListener.log Command line argument: -javaagent:C:\Program Files\JetBrains\IntelliJ IDEA Community Edition 2023.1.2\lib\idea_rt.jar=59539:C:\Program Files\JetBrains\IntelliJ IDEA Community Edition 2023.1.2\bin
21-Oct-2023 15:21:13.695 INFO [main] org.apache.catalina.startup.VersionLoggerListener.log Command line argument: -Dfile.encoding=UTF-8
21-Oct-2023 15:21:13.696 INFO [main] org.apache.catalina.startup.VersionLoggerListener.log Command line argument: -Dsun.stdout.encoding=UTF-8
21-Oct-2023 15:21:13.696 INFO [main] org.apache.catalina.startup.VersionLoggerListener.log Command line argument: -Dsun.stderr.encoding=UTF-8
21-Oct-2023 15:21:13.703 INFO [main] org.apache.catalina.core.AprLifecycleListener.lifecycleEvent The Apache Tomcat Native library which allows using OpenSSL was not found on the java.library.path: [C:\Users\Admin\.jdks\openjdk-20.0.2\bin;C:\WINDOWS\Sun\Java\bin;C:\WINDOWS\system32;C:\WINDOWS;C:\WINDOWS\system32;C:\WINDOWS;C:\WINDOWS\System32\Wbem;C:\WINDOWS\System32\WindowsPowerShell\v1.0\;C:\WINDOWS\System32\OpenSSH\;C:\Program Files\nodejs\;C:\Maven\bin\;C:\Program Files\Git\cmd;C:\Program Files\Java\jdk-20\bin;C:\Program Files\MySQL\MySQL Shell 8.0\bin\;C:\Users\Admin\AppData\Local\Microsoft\WindowsApps;C:\Users\Admin\AppData\Local\Programs\Microsoft VS Code\bin;C:\Users\Admin\AppData\Roaming\npm;C:\Program Files\Java\jdk-20\bin;;.]
21-Oct-2023 15:21:14.171 INFO [main] org.apache.coyote.AbstractProtocol.init Initializing ProtocolHandler ["http-nio-8080"]
21-Oct-2023 15:21:14.199 INFO [main] org.apache.catalina.startup.Catalina.load Server initialization in [822] milliseconds
21-Oct-2023 15:21:14.277 INFO [main] org.apache.catalina.core.StandardService.startInternal Starting service [Catalina]
21-Oct-2023 15:21:14.277 INFO [main] org.apache.catalina.core.StandardEngine.startInternal Starting Servlet engine: [Apache Tomcat/10.1.13]
21-Oct-2023 15:21:14.294 INFO [main] org.apache.catalina.startup.HostConfig.deployDescriptor Deploying deployment descriptor [C:\Users\Admin\IdeaProjects\JSP-Servlet-Currency-Converter\conf\Catalina\localhost\JSP-Servlet-Currency-Converter.xml]
21-Oct-2023 15:21:16.161 INFO [main] org.apache.jasper.servlet.TldScanner.scanJars At least one JAR was scanned for TLDs yet contained no TLDs. Enable debug logging for this logger for a complete list of JARs that were scanned but no TLDs were found in them. Skipping unneeded JARs during scanning can improve startup time and JSP compilation time.
21-Oct-2023 15:21:16.322 INFO [main] org.apache.catalina.startup.HostConfig.deployDescriptor Deployment of deployment descriptor [C:\Users\Admin\IdeaProjects\JSP-Servlet-Currency-Converter\conf\Catalina\localhost\JSP-Servlet-Currency-Converter.xml] has finished in [2,025] ms
21-Oct-2023 15:21:16.334 INFO [main] org.apache.coyote.AbstractProtocol.start Starting ProtocolHandler ["http-nio-8080"]
21-Oct-2023 15:21:16.474 INFO [main] org.apache.catalina.startup.Catalina.start Server startup in [2273] milliseconds
21-Oct-2023 15:23:16.681 INFO [Thread-1] org.apache.coyote.AbstractProtocol.pause Pausing ProtocolHandler ["http-nio-8080"]
21-Oct-2023 15:23:16.698 INFO [Thread-1] org.apache.catalina.core.StandardService.stopInternal Stopping service [Catalina]
21-Oct-2023 15:23:16.709 INFO [Thread-1] org.apache.coyote.AbstractProtocol.stop Stopping ProtocolHandler ["http-nio-8080"]
21-Oct-2023 15:23:16.730 INFO [Thread-1] org.apache.coyote.AbstractProtocol.destroy Destroying ProtocolHandler ["http-nio-8080"]
21-Oct-2023 15:23:20.143 INFO [main] org.apache.catalina.startup.VersionLoggerListener.log Server version name:   Apache Tomcat/10.1.13
21-Oct-2023 15:23:20.148 INFO [main] org.apache.catalina.startup.VersionLoggerListener.log Server built:          Aug 23 2023 21:34:59 UTC
21-Oct-2023 15:23:20.148 INFO [main] org.apache.catalina.startup.VersionLoggerListener.log Server version number: 10.1.13.0
21-Oct-2023 15:23:20.148 INFO [main] org.apache.catalina.startup.VersionLoggerListener.log OS Name:               Windows 11
21-Oct-2023 15:23:20.149 INFO [main] org.apache.catalina.startup.VersionLoggerListener.log OS Version:            10.0
21-Oct-2023 15:23:20.149 INFO [main] org.apache.catalina.startup.VersionLoggerListener.log Architecture:          amd64
21-Oct-2023 15:23:20.149 INFO [main] org.apache.catalina.startup.VersionLoggerListener.log Java Home:             C:\Users\Admin\.jdks\openjdk-20.0.2
21-Oct-2023 15:23:20.149 INFO [main] org.apache.catalina.startup.VersionLoggerListener.log JVM Version:           20.0.2+9-78
21-Oct-2023 15:23:20.149 INFO [main] org.apache.catalina.startup.VersionLoggerListener.log JVM Vendor:            Oracle Corporation
21-Oct-2023 15:23:20.150 INFO [main] org.apache.catalina.startup.VersionLoggerListener.log CATALINA_BASE:         C:\Users\Admin\IdeaProjects\JSP-Servlet-Currency-Converter
21-Oct-2023 15:23:20.150 INFO [main] org.apache.catalina.startup.VersionLoggerListener.log CATALINA_HOME:         C:\Program Files\Apache Software Foundation\Tomcat 10.1
21-Oct-2023 15:23:20.163 INFO [main] org.apache.catalina.startup.VersionLoggerListener.log Command line argument: --add-opens=java.base/java.lang=ALL-UNNAMED
21-Oct-2023 15:23:20.163 INFO [main] org.apache.catalina.startup.VersionLoggerListener.log Command line argument: --add-opens=java.base/java.io=ALL-UNNAMED
21-Oct-2023 15:23:20.163 INFO [main] org.apache.catalina.startup.VersionLoggerListener.log Command line argument: --add-opens=java.base/java.util=ALL-UNNAMED
21-Oct-2023 15:23:20.163 INFO [main] org.apache.catalina.startup.VersionLoggerListener.log Command line argument: --add-opens=java.base/java.util.concurrent=ALL-UNNAMED
21-Oct-2023 15:23:20.163 INFO [main] org.apache.catalina.startup.VersionLoggerListener.log Command line argument: --add-opens=java.rmi/sun.rmi.transport=ALL-UNNAMED
21-Oct-2023 15:23:20.163 INFO [main] org.apache.catalina.startup.VersionLoggerListener.log Command line argument: -Dcatalina.home=C:\Program Files\Apache Software Foundation\Tomcat 10.1
21-Oct-2023 15:23:20.164 INFO [main] org.apache.catalina.startup.VersionLoggerListener.log Command line argument: -Dcatalina.base=C:\Users\Admin\IdeaProjects\JSP-Servlet-Currency-Converter
21-Oct-2023 15:23:20.164 INFO [main] org.apache.catalina.startup.VersionLoggerListener.log Command line argument: -Djava.io.tmpdir=C:\Users\Admin\IdeaProjects\JSP-Servlet-Currency-Converter\temp
21-Oct-2023 15:23:20.164 INFO [main] org.apache.catalina.startup.VersionLoggerListener.log Command line argument: -Djava.util.logging.config.file=C:\Users\Admin\IdeaProjects\JSP-Servlet-Currency-Converter\conf\logging.properties
21-Oct-2023 15:23:20.164 INFO [main] org.apache.catalina.startup.VersionLoggerListener.log Command line argument: -Djava.util.logging.manager=org.apache.juli.ClassLoaderLogManager
21-Oct-2023 15:23:20.164 INFO [main] org.apache.catalina.startup.VersionLoggerListener.log Command line argument: -javaagent:C:\Program Files\JetBrains\IntelliJ IDEA Community Edition 2023.1.2\lib\idea_rt.jar=59560:C:\Program Files\JetBrains\IntelliJ IDEA Community Edition 2023.1.2\bin
21-Oct-2023 15:23:20.164 INFO [main] org.apache.catalina.startup.VersionLoggerListener.log Command line argument: -Dfile.encoding=UTF-8
21-Oct-2023 15:23:20.164 INFO [main] org.apache.catalina.startup.VersionLoggerListener.log Command line argument: -Dsun.stdout.encoding=UTF-8
21-Oct-2023 15:23:20.164 INFO [main] org.apache.catalina.startup.VersionLoggerListener.log Command line argument: -Dsun.stderr.encoding=UTF-8
21-Oct-2023 15:23:20.171 INFO [main] org.apache.catalina.core.AprLifecycleListener.lifecycleEvent The Apache Tomcat Native library which allows using OpenSSL was not found on the java.library.path: [C:\Users\Admin\.jdks\openjdk-20.0.2\bin;C:\WINDOWS\Sun\Java\bin;C:\WINDOWS\system32;C:\WINDOWS;C:\WINDOWS\system32;C:\WINDOWS;C:\WINDOWS\System32\Wbem;C:\WINDOWS\System32\WindowsPowerShell\v1.0\;C:\WINDOWS\System32\OpenSSH\;C:\Program Files\nodejs\;C:\Maven\bin\;C:\Program Files\Git\cmd;C:\Program Files\Java\jdk-20\bin;C:\Program Files\MySQL\MySQL Shell 8.0\bin\;C:\Users\Admin\AppData\Local\Microsoft\WindowsApps;C:\Users\Admin\AppData\Local\Programs\Microsoft VS Code\bin;C:\Users\Admin\AppData\Roaming\npm;C:\Program Files\Java\jdk-20\bin;;.]
21-Oct-2023 15:23:20.615 INFO [main] org.apache.coyote.AbstractProtocol.init Initializing ProtocolHandler ["http-nio-8080"]
21-Oct-2023 15:23:20.639 INFO [main] org.apache.catalina.startup.Catalina.load Server initialization in [812] milliseconds
21-Oct-2023 15:23:20.704 INFO [main] org.apache.catalina.core.StandardService.startInternal Starting service [Catalina]
21-Oct-2023 15:23:20.704 INFO [main] org.apache.catalina.core.StandardEngine.startInternal Starting Servlet engine: [Apache Tomcat/10.1.13]
21-Oct-2023 15:23:20.721 INFO [main] org.apache.catalina.startup.HostConfig.deployDescriptor Deploying deployment descriptor [C:\Users\Admin\IdeaProjects\JSP-Servlet-Currency-Converter\conf\Catalina\localhost\JSP-Servlet-Currency-Converter.xml]
21-Oct-2023 15:23:24.018 INFO [main] org.apache.jasper.servlet.TldScanner.scanJars At least one JAR was scanned for TLDs yet contained no TLDs. Enable debug logging for this logger for a complete list of JARs that were scanned but no TLDs were found in them. Skipping unneeded JARs during scanning can improve startup time and JSP compilation time.
21-Oct-2023 15:23:24.167 INFO [main] org.apache.catalina.startup.HostConfig.deployDescriptor Deployment of deployment descriptor [C:\Users\Admin\IdeaProjects\JSP-Servlet-Currency-Converter\conf\Catalina\localhost\JSP-Servlet-Currency-Converter.xml] has finished in [3,444] ms
21-Oct-2023 15:23:24.173 INFO [main] org.apache.coyote.AbstractProtocol.start Starting ProtocolHandler ["http-nio-8080"]
21-Oct-2023 15:23:24.253 INFO [main] org.apache.catalina.startup.Catalina.start Server startup in [3612] milliseconds
